2024-11-30 15:33:14 - node3 - INFO - P2P Network initialized for node node3
2024-11-30 15:33:14 - node3 - INFO - Genesis Block Created: Block(Index: 0, Hash: b9f98eff07cc3a184133e353c4565bede4f65dcb994b88cdcd6fc8747905152c, Previous Hash: 0, Transactions: [], Entropy: 0, Timestamp: 1732894630.0)
2024-11-30 15:33:14 - node3 - INFO - Node node3 initialized.
2024-11-30 15:33:14 - node3 - INFO - Leader updated to node1
2024-11-30 15:33:21 - node3 - INFO - Transaction added to pool: {'id': 'tx1', 'data': {'sender': 'Alice', 'receiver': 'Bob', 'amount': 100}}
2024-11-30 15:33:21 - node3 - INFO - Transaction tx1 added to the pool: {'id': 'tx1', 'data': {'sender': 'Alice', 'receiver': 'Bob', 'amount': 100}}
2024-11-30 15:33:21 - node3 - INFO - Broadcasting transaction: {'id': 'tx1', 'data': {'sender': 'Alice', 'receiver': 'Bob', 'amount': 100}}
2024-11-30 15:33:21 - node3 - INFO - Broadcasting transaction: {'id': 'tx1', 'data': {'sender': 'Alice', 'receiver': 'Bob', 'amount': 100}}
2024-11-30 15:33:21 - node3 - INFO - Transaction broadcasted to http://pocnew1-node1-1:5000, Response: 400
2024-11-30 15:33:21 - node3 - INFO - Transaction broadcasted to http://pocnew1-node2-1:5000, Response: 400
2024-11-30 15:33:21 - node3 - INFO - Transaction tx1 already processed. Skipping.
2024-11-30 15:33:21 - node3 - INFO - Transaction broadcasted to http://pocnew1-node4-1:5000, Response: 200
2024-11-30 15:33:21 - node3 - INFO - Transaction tx1 already processed. Skipping.
2024-11-30 15:33:21 - node3 - INFO - Transaction added to pool: {'id': 'tx2', 'data': {'sender': 'Charlie', 'receiver': 'Diana', 'amount': 200}}
2024-11-30 15:33:21 - node3 - INFO - Transaction tx2 added to the pool: {'id': 'tx2', 'data': {'sender': 'Charlie', 'receiver': 'Diana', 'amount': 200}}
2024-11-30 15:33:21 - node3 - INFO - Broadcasting transaction: {'id': 'tx2', 'data': {'sender': 'Charlie', 'receiver': 'Diana', 'amount': 200}}
2024-11-30 15:33:21 - node3 - INFO - Broadcasting transaction: {'id': 'tx2', 'data': {'sender': 'Charlie', 'receiver': 'Diana', 'amount': 200}}
2024-11-30 15:33:21 - node3 - INFO - Transaction broadcasted to http://pocnew1-node1-1:5000, Response: 400
2024-11-30 15:33:21 - node3 - INFO - Transaction broadcasted to http://pocnew1-node2-1:5000, Response: 400
2024-11-30 15:33:21 - node3 - INFO - Transaction tx2 already processed. Skipping.
2024-11-30 15:33:21 - node3 - INFO - Transaction broadcasted to http://pocnew1-node4-1:5000, Response: 200
2024-11-30 15:33:21 - node3 - INFO - Transaction tx2 already processed. Skipping.
2024-11-30 15:33:21 - node3 - INFO - Transaction added to pool: {'id': 'tx3', 'data': {'sender': 'Eve', 'receiver': 'Frank', 'amount': 50}}
2024-11-30 15:33:21 - node3 - INFO - Transaction tx3 added to the pool: {'id': 'tx3', 'data': {'sender': 'Eve', 'receiver': 'Frank', 'amount': 50}}
2024-11-30 15:33:21 - node3 - INFO - Broadcasting transaction: {'id': 'tx3', 'data': {'sender': 'Eve', 'receiver': 'Frank', 'amount': 50}}
2024-11-30 15:33:21 - node3 - INFO - Broadcasting transaction: {'id': 'tx3', 'data': {'sender': 'Eve', 'receiver': 'Frank', 'amount': 50}}
2024-11-30 15:33:21 - node3 - INFO - Transaction broadcasted to http://pocnew1-node1-1:5000, Response: 400
2024-11-30 15:33:21 - node3 - INFO - Transaction broadcasted to http://pocnew1-node2-1:5000, Response: 400
2024-11-30 15:33:21 - node3 - INFO - Transaction tx3 already processed. Skipping.
2024-11-30 15:33:21 - node3 - INFO - Transaction broadcasted to http://pocnew1-node4-1:5000, Response: 200
2024-11-30 15:33:21 - node3 - INFO - Transaction tx3 already processed. Skipping.
2024-11-30 15:33:21 - node3 - INFO - Transaction added to pool: {'id': 'tx4', 'data': {'sender': 'Grace', 'receiver': 'Hank', 'amount': 75}}
2024-11-30 15:33:21 - node3 - INFO - Transaction tx4 added to the pool: {'id': 'tx4', 'data': {'sender': 'Grace', 'receiver': 'Hank', 'amount': 75}}
2024-11-30 15:33:21 - node3 - INFO - Broadcasting transaction: {'id': 'tx4', 'data': {'sender': 'Grace', 'receiver': 'Hank', 'amount': 75}}
2024-11-30 15:33:21 - node3 - INFO - Broadcasting transaction: {'id': 'tx4', 'data': {'sender': 'Grace', 'receiver': 'Hank', 'amount': 75}}
2024-11-30 15:33:21 - node3 - INFO - Transaction broadcasted to http://pocnew1-node1-1:5000, Response: 400
2024-11-30 15:33:21 - node3 - INFO - Transaction broadcasted to http://pocnew1-node2-1:5000, Response: 400
2024-11-30 15:33:21 - node3 - INFO - Transaction tx4 already processed. Skipping.
2024-11-30 15:33:21 - node3 - INFO - Transaction broadcasted to http://pocnew1-node4-1:5000, Response: 200
2024-11-30 15:33:21 - node3 - INFO - Transaction tx4 already processed. Skipping.
2024-11-30 15:33:21 - node3 - INFO - Transaction added to pool: {'id': 'tx5', 'data': {'sender': 'Ivan', 'receiver': 'Judy', 'amount': 300}}
2024-11-30 15:33:21 - node3 - INFO - Transaction tx5 added to the pool: {'id': 'tx5', 'data': {'sender': 'Ivan', 'receiver': 'Judy', 'amount': 300}}
2024-11-30 15:33:21 - node3 - INFO - Broadcasting transaction: {'id': 'tx5', 'data': {'sender': 'Ivan', 'receiver': 'Judy', 'amount': 300}}
2024-11-30 15:33:21 - node3 - INFO - Broadcasting transaction: {'id': 'tx5', 'data': {'sender': 'Ivan', 'receiver': 'Judy', 'amount': 300}}
2024-11-30 15:33:21 - node3 - INFO - Transaction broadcasted to http://pocnew1-node1-1:5000, Response: 400
2024-11-30 15:33:21 - node3 - INFO - Transaction broadcasted to http://pocnew1-node2-1:5000, Response: 400
2024-11-30 15:33:21 - node3 - INFO - Transaction tx5 already processed. Skipping.
2024-11-30 15:33:21 - node3 - INFO - Transaction broadcasted to http://pocnew1-node4-1:5000, Response: 200
2024-11-30 15:33:21 - node3 - INFO - Transaction tx5 already processed. Skipping.
2024-11-30 15:33:21 - node3 - INFO - Transaction added to pool: {'id': 'tx6', 'data': {'sender': 'Kim', 'receiver': 'Leo', 'amount': 150}}
2024-11-30 15:33:21 - node3 - INFO - Transaction tx6 added to the pool: {'id': 'tx6', 'data': {'sender': 'Kim', 'receiver': 'Leo', 'amount': 150}}
2024-11-30 15:33:21 - node3 - INFO - Broadcasting transaction: {'id': 'tx6', 'data': {'sender': 'Kim', 'receiver': 'Leo', 'amount': 150}}
2024-11-30 15:33:21 - node3 - INFO - Broadcasting transaction: {'id': 'tx6', 'data': {'sender': 'Kim', 'receiver': 'Leo', 'amount': 150}}
2024-11-30 15:33:21 - node3 - INFO - Transaction broadcasted to http://pocnew1-node1-1:5000, Response: 400
2024-11-30 15:33:21 - node3 - INFO - Transaction broadcasted to http://pocnew1-node2-1:5000, Response: 400
2024-11-30 15:33:21 - node3 - INFO - Transaction tx6 already processed. Skipping.
2024-11-30 15:33:21 - node3 - INFO - Transaction broadcasted to http://pocnew1-node4-1:5000, Response: 200
2024-11-30 15:33:21 - node3 - INFO - Transaction tx6 already processed. Skipping.
2024-11-30 15:33:21 - node3 - INFO - Transaction added to pool: {'id': 'tx7', 'data': {'sender': 'Mona', 'receiver': 'Nina', 'amount': 20}}
2024-11-30 15:33:21 - node3 - INFO - Transaction tx7 added to the pool: {'id': 'tx7', 'data': {'sender': 'Mona', 'receiver': 'Nina', 'amount': 20}}
2024-11-30 15:33:21 - node3 - INFO - Broadcasting transaction: {'id': 'tx7', 'data': {'sender': 'Mona', 'receiver': 'Nina', 'amount': 20}}
2024-11-30 15:33:21 - node3 - INFO - Broadcasting transaction: {'id': 'tx7', 'data': {'sender': 'Mona', 'receiver': 'Nina', 'amount': 20}}
2024-11-30 15:33:21 - node3 - INFO - Transaction broadcasted to http://pocnew1-node1-1:5000, Response: 400
2024-11-30 15:33:21 - node3 - INFO - Transaction broadcasted to http://pocnew1-node2-1:5000, Response: 400
2024-11-30 15:33:22 - node3 - INFO - Transaction tx7 already processed. Skipping.
2024-11-30 15:33:22 - node3 - INFO - Transaction broadcasted to http://pocnew1-node4-1:5000, Response: 200
2024-11-30 15:33:22 - node3 - INFO - Transaction tx7 already processed. Skipping.
2024-11-30 15:33:22 - node3 - INFO - Transaction added to pool: {'id': 'tx8', 'data': {'sender': 'Oscar', 'receiver': 'Paul', 'amount': 400}}
2024-11-30 15:33:22 - node3 - INFO - Transaction tx8 added to the pool: {'id': 'tx8', 'data': {'sender': 'Oscar', 'receiver': 'Paul', 'amount': 400}}
2024-11-30 15:33:22 - node3 - INFO - Broadcasting transaction: {'id': 'tx8', 'data': {'sender': 'Oscar', 'receiver': 'Paul', 'amount': 400}}
2024-11-30 15:33:22 - node3 - INFO - Broadcasting transaction: {'id': 'tx8', 'data': {'sender': 'Oscar', 'receiver': 'Paul', 'amount': 400}}
2024-11-30 15:33:22 - node3 - INFO - Transaction broadcasted to http://pocnew1-node1-1:5000, Response: 400
2024-11-30 15:33:22 - node3 - INFO - Transaction broadcasted to http://pocnew1-node2-1:5000, Response: 400
2024-11-30 15:33:22 - node3 - INFO - Transaction tx8 already processed. Skipping.
2024-11-30 15:33:22 - node3 - INFO - Transaction broadcasted to http://pocnew1-node4-1:5000, Response: 200
2024-11-30 15:33:22 - node3 - INFO - Transaction tx8 already processed. Skipping.
2024-11-30 15:33:22 - node3 - INFO - Transaction added to pool: {'id': 'tx9', 'data': {'sender': 'Quinn', 'receiver': 'Rita', 'amount': 80}}
2024-11-30 15:33:22 - node3 - INFO - Transaction tx9 added to the pool: {'id': 'tx9', 'data': {'sender': 'Quinn', 'receiver': 'Rita', 'amount': 80}}
2024-11-30 15:33:22 - node3 - INFO - Broadcasting transaction: {'id': 'tx9', 'data': {'sender': 'Quinn', 'receiver': 'Rita', 'amount': 80}}
2024-11-30 15:33:22 - node3 - INFO - Broadcasting transaction: {'id': 'tx9', 'data': {'sender': 'Quinn', 'receiver': 'Rita', 'amount': 80}}
2024-11-30 15:33:22 - node3 - INFO - Transaction broadcasted to http://pocnew1-node1-1:5000, Response: 400
2024-11-30 15:33:22 - node3 - INFO - Transaction broadcasted to http://pocnew1-node2-1:5000, Response: 400
2024-11-30 15:33:22 - node3 - INFO - Transaction tx9 already processed. Skipping.
2024-11-30 15:33:22 - node3 - INFO - Transaction broadcasted to http://pocnew1-node4-1:5000, Response: 200
2024-11-30 15:33:22 - node3 - INFO - Transaction tx9 already processed. Skipping.
2024-11-30 15:33:22 - node3 - INFO - Transaction added to pool: {'id': 'tx10', 'data': {'sender': 'Sam', 'receiver': 'Tina', 'amount': 60}}
2024-11-30 15:33:22 - node3 - INFO - Transaction tx10 added to the pool: {'id': 'tx10', 'data': {'sender': 'Sam', 'receiver': 'Tina', 'amount': 60}}
2024-11-30 15:33:22 - node3 - INFO - Broadcasting transaction: {'id': 'tx10', 'data': {'sender': 'Sam', 'receiver': 'Tina', 'amount': 60}}
2024-11-30 15:33:22 - node3 - INFO - Broadcasting transaction: {'id': 'tx10', 'data': {'sender': 'Sam', 'receiver': 'Tina', 'amount': 60}}
2024-11-30 15:33:22 - node3 - INFO - Transaction broadcasted to http://pocnew1-node1-1:5000, Response: 400
2024-11-30 15:33:22 - node3 - INFO - Transaction broadcasted to http://pocnew1-node2-1:5000, Response: 400
2024-11-30 15:33:22 - node3 - INFO - Transaction tx10 already processed. Skipping.
2024-11-30 15:33:22 - node3 - INFO - Transaction broadcasted to http://pocnew1-node4-1:5000, Response: 200
2024-11-30 15:33:22 - node3 - INFO - Transaction tx10 already processed. Skipping.
2024-11-30 15:34:47 - node3 - INFO - Successfully sent entropy to leader node1: 0.860876_0.140827
2024-11-30 15:35:06 - node3 - INFO - Received aggregate_entropy: 2244575603.000000, Next leader: node2
2024-11-30 15:37:52 - node3 - INFO - P2P Network initialized for node node3
2024-11-30 15:37:52 - node3 - INFO - Genesis Block Created: Block(Index: 0, Hash: b9f98eff07cc3a184133e353c4565bede4f65dcb994b88cdcd6fc8747905152c, Previous Hash: 0, Transactions: [], Entropy: 0, Timestamp: 1732894630.0)
2024-11-30 15:37:52 - node3 - INFO - Node node3 initialized.
2024-11-30 15:37:57 - node3 - INFO - Leader updated to node1
2024-11-30 15:37:58 - node3 - INFO - Transaction added to pool: {'id': 'tx1', 'data': {'sender': 'Alice', 'receiver': 'Bob', 'amount': 100}}
2024-11-30 15:37:58 - node3 - INFO - Transaction tx1 added to the pool: {'id': 'tx1', 'data': {'sender': 'Alice', 'receiver': 'Bob', 'amount': 100}}
2024-11-30 15:37:58 - node3 - INFO - Broadcasting transaction: {'id': 'tx1', 'data': {'sender': 'Alice', 'receiver': 'Bob', 'amount': 100}}
2024-11-30 15:37:58 - node3 - INFO - Broadcasting transaction: {'id': 'tx1', 'data': {'sender': 'Alice', 'receiver': 'Bob', 'amount': 100}}
2024-11-30 15:37:58 - node3 - INFO - Transaction broadcasted to http://pocnew1-node1-1:5000, Response: 400
2024-11-30 15:37:58 - node3 - INFO - Transaction broadcasted to http://pocnew1-node2-1:5000, Response: 400
2024-11-30 15:37:58 - node3 - INFO - Transaction tx1 already processed. Skipping.
2024-11-30 15:37:58 - node3 - INFO - Transaction broadcasted to http://pocnew1-node4-1:5000, Response: 200
2024-11-30 15:37:58 - node3 - INFO - Transaction tx1 already processed. Skipping.
2024-11-30 15:37:58 - node3 - INFO - Transaction added to pool: {'id': 'tx2', 'data': {'sender': 'Charlie', 'receiver': 'Diana', 'amount': 200}}
2024-11-30 15:37:58 - node3 - INFO - Transaction tx2 added to the pool: {'id': 'tx2', 'data': {'sender': 'Charlie', 'receiver': 'Diana', 'amount': 200}}
2024-11-30 15:37:58 - node3 - INFO - Broadcasting transaction: {'id': 'tx2', 'data': {'sender': 'Charlie', 'receiver': 'Diana', 'amount': 200}}
2024-11-30 15:37:58 - node3 - INFO - Broadcasting transaction: {'id': 'tx2', 'data': {'sender': 'Charlie', 'receiver': 'Diana', 'amount': 200}}
2024-11-30 15:37:58 - node3 - INFO - Transaction broadcasted to http://pocnew1-node1-1:5000, Response: 400
2024-11-30 15:37:58 - node3 - INFO - Transaction broadcasted to http://pocnew1-node2-1:5000, Response: 400
2024-11-30 15:37:58 - node3 - INFO - Transaction tx2 already processed. Skipping.
2024-11-30 15:37:58 - node3 - INFO - Transaction broadcasted to http://pocnew1-node4-1:5000, Response: 200
2024-11-30 15:37:58 - node3 - INFO - Transaction tx2 already processed. Skipping.
2024-11-30 15:37:58 - node3 - INFO - Transaction added to pool: {'id': 'tx3', 'data': {'sender': 'Eve', 'receiver': 'Frank', 'amount': 50}}
2024-11-30 15:37:58 - node3 - INFO - Transaction tx3 added to the pool: {'id': 'tx3', 'data': {'sender': 'Eve', 'receiver': 'Frank', 'amount': 50}}
2024-11-30 15:37:58 - node3 - INFO - Broadcasting transaction: {'id': 'tx3', 'data': {'sender': 'Eve', 'receiver': 'Frank', 'amount': 50}}
2024-11-30 15:37:58 - node3 - INFO - Broadcasting transaction: {'id': 'tx3', 'data': {'sender': 'Eve', 'receiver': 'Frank', 'amount': 50}}
2024-11-30 15:37:58 - node3 - INFO - Transaction broadcasted to http://pocnew1-node1-1:5000, Response: 400
2024-11-30 15:37:58 - node3 - INFO - Transaction broadcasted to http://pocnew1-node2-1:5000, Response: 400
2024-11-30 15:37:58 - node3 - INFO - Transaction tx3 already processed. Skipping.
2024-11-30 15:37:58 - node3 - INFO - Transaction broadcasted to http://pocnew1-node4-1:5000, Response: 200
2024-11-30 15:37:58 - node3 - INFO - Transaction tx3 already processed. Skipping.
2024-11-30 15:37:58 - node3 - INFO - Transaction added to pool: {'id': 'tx4', 'data': {'sender': 'Grace', 'receiver': 'Hank', 'amount': 75}}
2024-11-30 15:37:58 - node3 - INFO - Transaction tx4 added to the pool: {'id': 'tx4', 'data': {'sender': 'Grace', 'receiver': 'Hank', 'amount': 75}}
2024-11-30 15:37:58 - node3 - INFO - Broadcasting transaction: {'id': 'tx4', 'data': {'sender': 'Grace', 'receiver': 'Hank', 'amount': 75}}
2024-11-30 15:37:58 - node3 - INFO - Broadcasting transaction: {'id': 'tx4', 'data': {'sender': 'Grace', 'receiver': 'Hank', 'amount': 75}}
2024-11-30 15:37:58 - node3 - INFO - Transaction broadcasted to http://pocnew1-node1-1:5000, Response: 400
2024-11-30 15:37:58 - node3 - INFO - Transaction broadcasted to http://pocnew1-node2-1:5000, Response: 400
2024-11-30 15:37:58 - node3 - INFO - Transaction tx4 already processed. Skipping.
2024-11-30 15:37:58 - node3 - INFO - Transaction broadcasted to http://pocnew1-node4-1:5000, Response: 200
2024-11-30 15:37:58 - node3 - INFO - Transaction tx4 already processed. Skipping.
2024-11-30 15:37:58 - node3 - INFO - Transaction added to pool: {'id': 'tx5', 'data': {'sender': 'Ivan', 'receiver': 'Judy', 'amount': 300}}
2024-11-30 15:37:58 - node3 - INFO - Transaction tx5 added to the pool: {'id': 'tx5', 'data': {'sender': 'Ivan', 'receiver': 'Judy', 'amount': 300}}
2024-11-30 15:37:58 - node3 - INFO - Broadcasting transaction: {'id': 'tx5', 'data': {'sender': 'Ivan', 'receiver': 'Judy', 'amount': 300}}
2024-11-30 15:37:58 - node3 - INFO - Broadcasting transaction: {'id': 'tx5', 'data': {'sender': 'Ivan', 'receiver': 'Judy', 'amount': 300}}
2024-11-30 15:37:58 - node3 - INFO - Transaction broadcasted to http://pocnew1-node1-1:5000, Response: 400
2024-11-30 15:37:58 - node3 - INFO - Transaction broadcasted to http://pocnew1-node2-1:5000, Response: 400
2024-11-30 15:37:58 - node3 - INFO - Transaction tx5 already processed. Skipping.
2024-11-30 15:37:58 - node3 - INFO - Transaction broadcasted to http://pocnew1-node4-1:5000, Response: 200
2024-11-30 15:37:58 - node3 - INFO - Transaction tx5 already processed. Skipping.
2024-11-30 15:37:58 - node3 - INFO - Transaction added to pool: {'id': 'tx6', 'data': {'sender': 'Kim', 'receiver': 'Leo', 'amount': 150}}
2024-11-30 15:37:58 - node3 - INFO - Transaction tx6 added to the pool: {'id': 'tx6', 'data': {'sender': 'Kim', 'receiver': 'Leo', 'amount': 150}}
2024-11-30 15:37:58 - node3 - INFO - Broadcasting transaction: {'id': 'tx6', 'data': {'sender': 'Kim', 'receiver': 'Leo', 'amount': 150}}
2024-11-30 15:37:58 - node3 - INFO - Broadcasting transaction: {'id': 'tx6', 'data': {'sender': 'Kim', 'receiver': 'Leo', 'amount': 150}}
2024-11-30 15:37:58 - node3 - INFO - Transaction broadcasted to http://pocnew1-node1-1:5000, Response: 400
2024-11-30 15:37:58 - node3 - INFO - Transaction broadcasted to http://pocnew1-node2-1:5000, Response: 400
2024-11-30 15:37:58 - node3 - INFO - Transaction tx6 already processed. Skipping.
2024-11-30 15:37:58 - node3 - INFO - Transaction broadcasted to http://pocnew1-node4-1:5000, Response: 200
2024-11-30 15:37:58 - node3 - INFO - Transaction tx6 already processed. Skipping.
2024-11-30 15:37:58 - node3 - INFO - Transaction added to pool: {'id': 'tx7', 'data': {'sender': 'Mona', 'receiver': 'Nina', 'amount': 20}}
2024-11-30 15:37:58 - node3 - INFO - Transaction tx7 added to the pool: {'id': 'tx7', 'data': {'sender': 'Mona', 'receiver': 'Nina', 'amount': 20}}
2024-11-30 15:37:58 - node3 - INFO - Broadcasting transaction: {'id': 'tx7', 'data': {'sender': 'Mona', 'receiver': 'Nina', 'amount': 20}}
2024-11-30 15:37:58 - node3 - INFO - Broadcasting transaction: {'id': 'tx7', 'data': {'sender': 'Mona', 'receiver': 'Nina', 'amount': 20}}
2024-11-30 15:37:58 - node3 - INFO - Transaction broadcasted to http://pocnew1-node1-1:5000, Response: 400
2024-11-30 15:37:58 - node3 - INFO - Transaction broadcasted to http://pocnew1-node2-1:5000, Response: 400
2024-11-30 15:37:58 - node3 - INFO - Transaction tx7 already processed. Skipping.
2024-11-30 15:37:58 - node3 - INFO - Transaction broadcasted to http://pocnew1-node4-1:5000, Response: 200
2024-11-30 15:37:58 - node3 - INFO - Transaction tx7 already processed. Skipping.
2024-11-30 15:37:58 - node3 - INFO - Transaction added to pool: {'id': 'tx8', 'data': {'sender': 'Oscar', 'receiver': 'Paul', 'amount': 400}}
2024-11-30 15:37:58 - node3 - INFO - Transaction tx8 added to the pool: {'id': 'tx8', 'data': {'sender': 'Oscar', 'receiver': 'Paul', 'amount': 400}}
2024-11-30 15:37:58 - node3 - INFO - Broadcasting transaction: {'id': 'tx8', 'data': {'sender': 'Oscar', 'receiver': 'Paul', 'amount': 400}}
2024-11-30 15:37:58 - node3 - INFO - Broadcasting transaction: {'id': 'tx8', 'data': {'sender': 'Oscar', 'receiver': 'Paul', 'amount': 400}}
2024-11-30 15:37:58 - node3 - INFO - Transaction broadcasted to http://pocnew1-node1-1:5000, Response: 400
2024-11-30 15:37:58 - node3 - INFO - Transaction broadcasted to http://pocnew1-node2-1:5000, Response: 400
2024-11-30 15:37:58 - node3 - INFO - Transaction tx8 already processed. Skipping.
2024-11-30 15:37:58 - node3 - INFO - Transaction broadcasted to http://pocnew1-node4-1:5000, Response: 200
2024-11-30 15:37:58 - node3 - INFO - Transaction tx8 already processed. Skipping.
2024-11-30 15:37:58 - node3 - INFO - Transaction added to pool: {'id': 'tx9', 'data': {'sender': 'Quinn', 'receiver': 'Rita', 'amount': 80}}
2024-11-30 15:37:58 - node3 - INFO - Transaction tx9 added to the pool: {'id': 'tx9', 'data': {'sender': 'Quinn', 'receiver': 'Rita', 'amount': 80}}
2024-11-30 15:37:58 - node3 - INFO - Broadcasting transaction: {'id': 'tx9', 'data': {'sender': 'Quinn', 'receiver': 'Rita', 'amount': 80}}
2024-11-30 15:37:58 - node3 - INFO - Broadcasting transaction: {'id': 'tx9', 'data': {'sender': 'Quinn', 'receiver': 'Rita', 'amount': 80}}
2024-11-30 15:37:58 - node3 - INFO - Transaction broadcasted to http://pocnew1-node1-1:5000, Response: 400
2024-11-30 15:37:58 - node3 - INFO - Transaction broadcasted to http://pocnew1-node2-1:5000, Response: 400
2024-11-30 15:37:58 - node3 - INFO - Transaction tx9 already processed. Skipping.
2024-11-30 15:37:58 - node3 - INFO - Transaction broadcasted to http://pocnew1-node4-1:5000, Response: 200
2024-11-30 15:37:58 - node3 - INFO - Transaction tx9 already processed. Skipping.
2024-11-30 15:37:58 - node3 - INFO - Transaction added to pool: {'id': 'tx10', 'data': {'sender': 'Sam', 'receiver': 'Tina', 'amount': 60}}
2024-11-30 15:37:58 - node3 - INFO - Transaction tx10 added to the pool: {'id': 'tx10', 'data': {'sender': 'Sam', 'receiver': 'Tina', 'amount': 60}}
2024-11-30 15:37:58 - node3 - INFO - Broadcasting transaction: {'id': 'tx10', 'data': {'sender': 'Sam', 'receiver': 'Tina', 'amount': 60}}
2024-11-30 15:37:58 - node3 - INFO - Broadcasting transaction: {'id': 'tx10', 'data': {'sender': 'Sam', 'receiver': 'Tina', 'amount': 60}}
2024-11-30 15:37:58 - node3 - INFO - Transaction broadcasted to http://pocnew1-node1-1:5000, Response: 400
2024-11-30 15:37:58 - node3 - INFO - Transaction broadcasted to http://pocnew1-node2-1:5000, Response: 400
2024-11-30 15:37:58 - node3 - INFO - Transaction tx10 already processed. Skipping.
2024-11-30 15:37:58 - node3 - INFO - Transaction broadcasted to http://pocnew1-node4-1:5000, Response: 200
2024-11-30 15:37:58 - node3 - INFO - Transaction tx10 already processed. Skipping.
2024-11-30 15:38:32 - node3 - INFO - Successfully sent entropy to leader node1: -30221275833951911435934775272776957583025932179344927169702866761744921204791879595840342327296.000000_-44077163062193488488566260918409821928659353600.000000
2024-11-30 15:38:47 - node3 - INFO - Received aggregate_entropy: 2426537110.666667, Next leader: node4
2024-11-30 15:45:13 - node3 - INFO - P2P Network initialized for node node3
2024-11-30 15:45:13 - node3 - INFO - Genesis Block Created: Block(Index: 0, Hash: b9f98eff07cc3a184133e353c4565bede4f65dcb994b88cdcd6fc8747905152c, Previous Hash: 0, Transactions: [], Entropy: 0, Timestamp: 1732894630.0)
2024-11-30 15:45:13 - node3 - INFO - Node node3 initialized.
2024-11-30 15:45:18 - node3 - INFO - Leader updated to node1
2024-11-30 15:45:26 - node3 - INFO - Successfully sent entropy to leader node1: 0.080737_-0.286675
2024-11-30 15:45:34 - node3 - INFO - Received aggregate_entropy: 2179805226.333333, Next leader: node4
2024-11-30 15:48:44 - node3 - INFO - P2P Network initialized for node node3
2024-11-30 15:48:44 - node3 - INFO - Genesis Block Created: Block(Index: 0, Hash: b9f98eff07cc3a184133e353c4565bede4f65dcb994b88cdcd6fc8747905152c, Previous Hash: 0, Transactions: [], Entropy: 0, Timestamp: 1732894630.0)
2024-11-30 15:48:44 - node3 - INFO - Node node3 initialized.
2024-11-30 15:48:49 - node3 - INFO - Leader updated to node1
2024-11-30 15:59:48 - node3 - INFO - Successfully sent entropy to leader node1: 0.445008_0.206060
2024-11-30 16:03:39 - node3 - INFO - P2P Network initialized for node node3
2024-11-30 16:03:39 - node3 - INFO - Genesis Block Created: Block(Index: 0, Hash: b9f98eff07cc3a184133e353c4565bede4f65dcb994b88cdcd6fc8747905152c, Previous Hash: 0, Transactions: [], Entropy: 0, Timestamp: 1732894630.0)
2024-11-30 16:03:39 - node3 - INFO - Node node3 initialized.
2024-11-30 16:03:39 - node3 - INFO - Leader updated to node1
2024-11-30 16:03:56 - node3 - INFO - Successfully sent entropy to leader node1: 1.204502_0.041597
2024-11-30 16:04:41 - node3 - INFO - P2P Network initialized for node node3
2024-11-30 16:04:41 - node3 - INFO - Genesis Block Created: Block(Index: 0, Hash: b9f98eff07cc3a184133e353c4565bede4f65dcb994b88cdcd6fc8747905152c, Previous Hash: 0, Transactions: [], Entropy: 0, Timestamp: 1732894630.0)
2024-11-30 16:04:41 - node3 - INFO - Node node3 initialized.
2024-11-30 16:04:46 - node3 - INFO - Leader updated to node1
2024-11-30 16:04:49 - node3 - INFO - Successfully sent entropy to leader node1: 0.274835_0.237671
2024-11-30 16:04:56 - node3 - INFO - Received aggregate_entropy: 3336386037.000000, Next leader: node4
2024-11-30 16:05:19 - node3 - INFO - Transaction added to pool: {'id': 'tx1', 'data': {'sender': 'Alice', 'receiver': 'Bob', 'amount': 100}}
2024-11-30 16:05:19 - node3 - INFO - Transaction tx1 added to the pool: {'id': 'tx1', 'data': {'sender': 'Alice', 'receiver': 'Bob', 'amount': 100}}
2024-11-30 16:05:19 - node3 - INFO - Broadcasting transaction: {'id': 'tx1', 'data': {'sender': 'Alice', 'receiver': 'Bob', 'amount': 100}}
2024-11-30 16:05:19 - node3 - INFO - Broadcasting transaction: {'id': 'tx1', 'data': {'sender': 'Alice', 'receiver': 'Bob', 'amount': 100}}
2024-11-30 16:05:19 - node3 - INFO - Transaction broadcasted to http://pocnew1-node1-1:5000, Response: 400
2024-11-30 16:05:19 - node3 - INFO - Transaction broadcasted to http://pocnew1-node2-1:5000, Response: 400
2024-11-30 16:05:19 - node3 - INFO - Transaction tx1 already processed. Skipping.
2024-11-30 16:05:19 - node3 - INFO - Transaction broadcasted to http://pocnew1-node4-1:5000, Response: 200
2024-11-30 16:05:19 - node3 - INFO - Transaction tx1 already processed. Skipping.
2024-11-30 16:05:19 - node3 - INFO - Transaction added to pool: {'id': 'tx2', 'data': {'sender': 'Charlie', 'receiver': 'Diana', 'amount': 200}}
2024-11-30 16:05:19 - node3 - INFO - Transaction tx2 added to the pool: {'id': 'tx2', 'data': {'sender': 'Charlie', 'receiver': 'Diana', 'amount': 200}}
2024-11-30 16:05:19 - node3 - INFO - Broadcasting transaction: {'id': 'tx2', 'data': {'sender': 'Charlie', 'receiver': 'Diana', 'amount': 200}}
2024-11-30 16:05:19 - node3 - INFO - Broadcasting transaction: {'id': 'tx2', 'data': {'sender': 'Charlie', 'receiver': 'Diana', 'amount': 200}}
2024-11-30 16:05:19 - node3 - INFO - Transaction broadcasted to http://pocnew1-node1-1:5000, Response: 400
2024-11-30 16:05:19 - node3 - INFO - Transaction broadcasted to http://pocnew1-node2-1:5000, Response: 400
2024-11-30 16:05:19 - node3 - INFO - Transaction tx2 already processed. Skipping.
2024-11-30 16:05:19 - node3 - INFO - Transaction broadcasted to http://pocnew1-node4-1:5000, Response: 200
2024-11-30 16:05:19 - node3 - INFO - Transaction tx2 already processed. Skipping.
2024-11-30 16:05:19 - node3 - INFO - Transaction added to pool: {'id': 'tx3', 'data': {'sender': 'Eve', 'receiver': 'Frank', 'amount': 50}}
2024-11-30 16:05:19 - node3 - INFO - Transaction tx3 added to the pool: {'id': 'tx3', 'data': {'sender': 'Eve', 'receiver': 'Frank', 'amount': 50}}
2024-11-30 16:05:19 - node3 - INFO - Broadcasting transaction: {'id': 'tx3', 'data': {'sender': 'Eve', 'receiver': 'Frank', 'amount': 50}}
2024-11-30 16:05:19 - node3 - INFO - Broadcasting transaction: {'id': 'tx3', 'data': {'sender': 'Eve', 'receiver': 'Frank', 'amount': 50}}
2024-11-30 16:05:19 - node3 - INFO - Transaction broadcasted to http://pocnew1-node1-1:5000, Response: 400
2024-11-30 16:05:19 - node3 - INFO - Transaction broadcasted to http://pocnew1-node2-1:5000, Response: 400
2024-11-30 16:05:19 - node3 - INFO - Transaction tx3 already processed. Skipping.
2024-11-30 16:05:19 - node3 - INFO - Transaction broadcasted to http://pocnew1-node4-1:5000, Response: 200
2024-11-30 16:05:19 - node3 - INFO - Transaction tx3 already processed. Skipping.
2024-11-30 16:05:19 - node3 - INFO - Transaction added to pool: {'id': 'tx4', 'data': {'sender': 'Grace', 'receiver': 'Hank', 'amount': 75}}
2024-11-30 16:05:19 - node3 - INFO - Transaction tx4 added to the pool: {'id': 'tx4', 'data': {'sender': 'Grace', 'receiver': 'Hank', 'amount': 75}}
2024-11-30 16:05:19 - node3 - INFO - Broadcasting transaction: {'id': 'tx4', 'data': {'sender': 'Grace', 'receiver': 'Hank', 'amount': 75}}
2024-11-30 16:05:19 - node3 - INFO - Broadcasting transaction: {'id': 'tx4', 'data': {'sender': 'Grace', 'receiver': 'Hank', 'amount': 75}}
2024-11-30 16:05:19 - node3 - INFO - Transaction broadcasted to http://pocnew1-node1-1:5000, Response: 400
2024-11-30 16:05:19 - node3 - INFO - Transaction broadcasted to http://pocnew1-node2-1:5000, Response: 400
2024-11-30 16:05:19 - node3 - INFO - Transaction tx4 already processed. Skipping.
2024-11-30 16:05:19 - node3 - INFO - Transaction broadcasted to http://pocnew1-node4-1:5000, Response: 200
2024-11-30 16:05:19 - node3 - INFO - Transaction tx4 already processed. Skipping.
2024-11-30 16:05:19 - node3 - INFO - Transaction added to pool: {'id': 'tx5', 'data': {'sender': 'Ivan', 'receiver': 'Judy', 'amount': 300}}
2024-11-30 16:05:19 - node3 - INFO - Transaction tx5 added to the pool: {'id': 'tx5', 'data': {'sender': 'Ivan', 'receiver': 'Judy', 'amount': 300}}
2024-11-30 16:05:19 - node3 - INFO - Broadcasting transaction: {'id': 'tx5', 'data': {'sender': 'Ivan', 'receiver': 'Judy', 'amount': 300}}
2024-11-30 16:05:19 - node3 - INFO - Broadcasting transaction: {'id': 'tx5', 'data': {'sender': 'Ivan', 'receiver': 'Judy', 'amount': 300}}
2024-11-30 16:05:19 - node3 - INFO - Transaction broadcasted to http://pocnew1-node1-1:5000, Response: 400
2024-11-30 16:05:19 - node3 - INFO - Transaction broadcasted to http://pocnew1-node2-1:5000, Response: 400
2024-11-30 16:05:19 - node3 - INFO - Transaction tx5 already processed. Skipping.
2024-11-30 16:05:19 - node3 - INFO - Transaction broadcasted to http://pocnew1-node4-1:5000, Response: 200
2024-11-30 16:05:19 - node3 - INFO - Transaction tx5 already processed. Skipping.
2024-11-30 16:05:19 - node3 - INFO - Transaction added to pool: {'id': 'tx6', 'data': {'sender': 'Kim', 'receiver': 'Leo', 'amount': 150}}
2024-11-30 16:05:19 - node3 - INFO - Transaction tx6 added to the pool: {'id': 'tx6', 'data': {'sender': 'Kim', 'receiver': 'Leo', 'amount': 150}}
2024-11-30 16:05:19 - node3 - INFO - Broadcasting transaction: {'id': 'tx6', 'data': {'sender': 'Kim', 'receiver': 'Leo', 'amount': 150}}
2024-11-30 16:05:19 - node3 - INFO - Broadcasting transaction: {'id': 'tx6', 'data': {'sender': 'Kim', 'receiver': 'Leo', 'amount': 150}}
2024-11-30 16:05:19 - node3 - INFO - Transaction broadcasted to http://pocnew1-node1-1:5000, Response: 400
2024-11-30 16:05:19 - node3 - INFO - Transaction broadcasted to http://pocnew1-node2-1:5000, Response: 400
2024-11-30 16:05:19 - node3 - INFO - Transaction tx6 already processed. Skipping.
2024-11-30 16:05:19 - node3 - INFO - Transaction broadcasted to http://pocnew1-node4-1:5000, Response: 200
2024-11-30 16:05:19 - node3 - INFO - Transaction tx6 already processed. Skipping.
2024-11-30 16:05:19 - node3 - INFO - Transaction added to pool: {'id': 'tx7', 'data': {'sender': 'Mona', 'receiver': 'Nina', 'amount': 20}}
2024-11-30 16:05:19 - node3 - INFO - Transaction tx7 added to the pool: {'id': 'tx7', 'data': {'sender': 'Mona', 'receiver': 'Nina', 'amount': 20}}
2024-11-30 16:05:19 - node3 - INFO - Broadcasting transaction: {'id': 'tx7', 'data': {'sender': 'Mona', 'receiver': 'Nina', 'amount': 20}}
2024-11-30 16:05:19 - node3 - INFO - Broadcasting transaction: {'id': 'tx7', 'data': {'sender': 'Mona', 'receiver': 'Nina', 'amount': 20}}
2024-11-30 16:05:19 - node3 - INFO - Transaction broadcasted to http://pocnew1-node1-1:5000, Response: 400
2024-11-30 16:05:19 - node3 - INFO - Transaction broadcasted to http://pocnew1-node2-1:5000, Response: 400
2024-11-30 16:05:19 - node3 - INFO - Transaction tx7 already processed. Skipping.
2024-11-30 16:05:19 - node3 - INFO - Transaction broadcasted to http://pocnew1-node4-1:5000, Response: 200
2024-11-30 16:05:19 - node3 - INFO - Transaction tx7 already processed. Skipping.
2024-11-30 16:05:19 - node3 - INFO - Transaction added to pool: {'id': 'tx8', 'data': {'sender': 'Oscar', 'receiver': 'Paul', 'amount': 400}}
2024-11-30 16:05:19 - node3 - INFO - Transaction tx8 added to the pool: {'id': 'tx8', 'data': {'sender': 'Oscar', 'receiver': 'Paul', 'amount': 400}}
2024-11-30 16:05:19 - node3 - INFO - Broadcasting transaction: {'id': 'tx8', 'data': {'sender': 'Oscar', 'receiver': 'Paul', 'amount': 400}}
2024-11-30 16:05:19 - node3 - INFO - Broadcasting transaction: {'id': 'tx8', 'data': {'sender': 'Oscar', 'receiver': 'Paul', 'amount': 400}}
2024-11-30 16:05:19 - node3 - INFO - Transaction broadcasted to http://pocnew1-node1-1:5000, Response: 400
2024-11-30 16:05:19 - node3 - INFO - Transaction broadcasted to http://pocnew1-node2-1:5000, Response: 400
2024-11-30 16:05:19 - node3 - INFO - Transaction tx8 already processed. Skipping.
2024-11-30 16:05:19 - node3 - INFO - Transaction broadcasted to http://pocnew1-node4-1:5000, Response: 200
2024-11-30 16:05:19 - node3 - INFO - Transaction tx8 already processed. Skipping.
2024-11-30 16:05:19 - node3 - INFO - Transaction added to pool: {'id': 'tx9', 'data': {'sender': 'Quinn', 'receiver': 'Rita', 'amount': 80}}
2024-11-30 16:05:19 - node3 - INFO - Transaction tx9 added to the pool: {'id': 'tx9', 'data': {'sender': 'Quinn', 'receiver': 'Rita', 'amount': 80}}
2024-11-30 16:05:19 - node3 - INFO - Broadcasting transaction: {'id': 'tx9', 'data': {'sender': 'Quinn', 'receiver': 'Rita', 'amount': 80}}
2024-11-30 16:05:19 - node3 - INFO - Broadcasting transaction: {'id': 'tx9', 'data': {'sender': 'Quinn', 'receiver': 'Rita', 'amount': 80}}
2024-11-30 16:05:19 - node3 - INFO - Transaction broadcasted to http://pocnew1-node1-1:5000, Response: 400
2024-11-30 16:05:19 - node3 - INFO - Transaction broadcasted to http://pocnew1-node2-1:5000, Response: 400
2024-11-30 16:05:19 - node3 - INFO - Transaction tx9 already processed. Skipping.
2024-11-30 16:05:19 - node3 - INFO - Transaction broadcasted to http://pocnew1-node4-1:5000, Response: 200
2024-11-30 16:05:20 - node3 - INFO - Transaction tx9 already processed. Skipping.
2024-11-30 16:05:20 - node3 - INFO - Transaction added to pool: {'id': 'tx10', 'data': {'sender': 'Sam', 'receiver': 'Tina', 'amount': 60}}
2024-11-30 16:05:20 - node3 - INFO - Transaction tx10 added to the pool: {'id': 'tx10', 'data': {'sender': 'Sam', 'receiver': 'Tina', 'amount': 60}}
2024-11-30 16:05:20 - node3 - INFO - Broadcasting transaction: {'id': 'tx10', 'data': {'sender': 'Sam', 'receiver': 'Tina', 'amount': 60}}
2024-11-30 16:05:20 - node3 - INFO - Broadcasting transaction: {'id': 'tx10', 'data': {'sender': 'Sam', 'receiver': 'Tina', 'amount': 60}}
2024-11-30 16:05:20 - node3 - INFO - Transaction broadcasted to http://pocnew1-node1-1:5000, Response: 400
2024-11-30 16:05:20 - node3 - INFO - Transaction broadcasted to http://pocnew1-node2-1:5000, Response: 400
2024-11-30 16:05:20 - node3 - INFO - Transaction tx10 already processed. Skipping.
2024-11-30 16:05:20 - node3 - INFO - Transaction broadcasted to http://pocnew1-node4-1:5000, Response: 200
2024-11-30 16:05:20 - node3 - INFO - Transaction tx10 already processed. Skipping.
2024-11-30 16:05:27 - node3 - INFO - Validation response received: Block 1, Node node1, Status valid
2024-11-30 16:05:27 - node3 - INFO - Validation response received: Block 1, Node node2, Status valid
2024-11-30 16:05:27 - node3 - INFO - Received proposed block: {'index': 1, 'previous_hash': 'b9f98eff07cc3a184133e353c4565bede4f65dcb994b88cdcd6fc8747905152c', 'transactions': [{'id': 'tx4', 'data': {'sender': 'Grace', 'receiver': 'Hank', 'amount': 75}}, {'id': 'tx1', 'data': {'sender': 'Alice', 'receiver': 'Bob', 'amount': 100}}, {'id': 'tx7', 'data': {'sender': 'Mona', 'receiver': 'Nina', 'amount': 20}}, {'id': 'tx3', 'data': {'sender': 'Eve', 'receiver': 'Frank', 'amount': 50}}, {'id': 'tx5', 'data': {'sender': 'Ivan', 'receiver': 'Judy', 'amount': 300}}, {'id': 'tx2', 'data': {'sender': 'Charlie', 'receiver': 'Diana', 'amount': 200}}, {'id': 'tx10', 'data': {'sender': 'Sam', 'receiver': 'Tina', 'amount': 60}}, {'id': 'tx9', 'data': {'sender': 'Quinn', 'receiver': 'Rita', 'amount': 80}}, {'id': 'tx8', 'data': {'sender': 'Oscar', 'receiver': 'Paul', 'amount': 400}}, {'id': 'tx6', 'data': {'sender': 'Kim', 'receiver': 'Leo', 'amount': 150}}], 'entropy': '0.000000', 'timestamp': 1732982727.9179568, 'hash': '12c39a37c142afc32d2b38e0a73171e811dff7074176c376dc5525286fbf7703', 'block_data': {'index': 1, 'previous_hash': 'b9f98eff07cc3a184133e353c4565bede4f65dcb994b88cdcd6fc8747905152c', 'transactions': [{'id': 'tx4', 'data': {'sender': 'Grace', 'receiver': 'Hank', 'amount': 75}}, {'id': 'tx1', 'data': {'sender': 'Alice', 'receiver': 'Bob', 'amount': 100}}, {'id': 'tx7', 'data': {'sender': 'Mona', 'receiver': 'Nina', 'amount': 20}}, {'id': 'tx3', 'data': {'sender': 'Eve', 'receiver': 'Frank', 'amount': 50}}, {'id': 'tx5', 'data': {'sender': 'Ivan', 'receiver': 'Judy', 'amount': 300}}, {'id': 'tx2', 'data': {'sender': 'Charlie', 'receiver': 'Diana', 'amount': 200}}, {'id': 'tx10', 'data': {'sender': 'Sam', 'receiver': 'Tina', 'amount': 60}}, {'id': 'tx9', 'data': {'sender': 'Quinn', 'receiver': 'Rita', 'amount': 80}}, {'id': 'tx8', 'data': {'sender': 'Oscar', 'receiver': 'Paul', 'amount': 400}}, {'id': 'tx6', 'data': {'sender': 'Kim', 'receiver': 'Leo', 'amount': 150}}], 'entropy': '0.000000', 'timestamp': 1732982727.9179568, 'hash': '12c39a37c142afc32d2b38e0a73171e811dff7074176c376dc5525286fbf7703'}}
2024-11-30 16:05:27 - node3 - INFO - Node node3 validating Block 1 with aggregate entropy 0.000000
2024-11-30 16:05:27 - node3 - INFO - Node node3 successfully validated Block 1.
2024-11-30 16:05:27 - node3 - INFO - [node3] Broadcasting message: block_validation with payload: {'block_index': 1, 'node_id': 'node3', 'status': 'valid', 'block_data': {'index': 1, 'previous_hash': 'b9f98eff07cc3a184133e353c4565bede4f65dcb994b88cdcd6fc8747905152c', 'transactions': [{'id': 'tx4', 'data': {'sender': 'Grace', 'receiver': 'Hank', 'amount': 75}}, {'id': 'tx1', 'data': {'sender': 'Alice', 'receiver': 'Bob', 'amount': 100}}, {'id': 'tx7', 'data': {'sender': 'Mona', 'receiver': 'Nina', 'amount': 20}}, {'id': 'tx3', 'data': {'sender': 'Eve', 'receiver': 'Frank', 'amount': 50}}, {'id': 'tx5', 'data': {'sender': 'Ivan', 'receiver': 'Judy', 'amount': 300}}, {'id': 'tx2', 'data': {'sender': 'Charlie', 'receiver': 'Diana', 'amount': 200}}, {'id': 'tx10', 'data': {'sender': 'Sam', 'receiver': 'Tina', 'amount': 60}}, {'id': 'tx9', 'data': {'sender': 'Quinn', 'receiver': 'Rita', 'amount': 80}}, {'id': 'tx8', 'data': {'sender': 'Oscar', 'receiver': 'Paul', 'amount': 400}}, {'id': 'tx6', 'data': {'sender': 'Kim', 'receiver': 'Leo', 'amount': 150}}], 'entropy': '0.000000', 'timestamp': 1732982727.9179568, 'hash': '12c39a37c142afc32d2b38e0a73171e811dff7074176c376dc5525286fbf7703'}}
2024-11-30 16:05:27 - node3 - INFO - Message block_validation broadcasted to http://pocnew1-node1-1:5000. Response: 200
2024-11-30 16:05:27 - node3 - INFO - Message block_validation broadcasted to http://pocnew1-node2-1:5000. Response: 200
2024-11-30 16:05:27 - node3 - INFO - Block 1 successfully added to the blockchain.
2024-11-30 16:05:27 - node3 - INFO - Blockchain updated with block 1.
2024-11-30 16:05:27 - node3 - INFO - Message block_validation broadcasted to http://pocnew1-node4-1:5000. Response: 200
