2024-11-30 15:33:14 - node2 - INFO - P2P Network initialized for node node2
2024-11-30 15:33:14 - node2 - INFO - Genesis Block Created: Block(Index: 0, Hash: b9f98eff07cc3a184133e353c4565bede4f65dcb994b88cdcd6fc8747905152c, Previous Hash: 0, Transactions: [], Entropy: 0, Timestamp: 1732894630.0)
2024-11-30 15:33:14 - node2 - INFO - Node node2 initialized.
2024-11-30 15:33:14 - node2 - INFO - Leader updated to node1
2024-11-30 15:33:21 - node2 - INFO - Transaction added to pool: {'id': 'tx1', 'data': {'sender': 'Alice', 'receiver': 'Bob', 'amount': 100}}
2024-11-30 15:33:21 - node2 - INFO - Transaction tx1 added to the pool: {'id': 'tx1', 'data': {'sender': 'Alice', 'receiver': 'Bob', 'amount': 100}}
2024-11-30 15:33:21 - node2 - INFO - Broadcasting transaction: {'id': 'tx1', 'data': {'sender': 'Alice', 'receiver': 'Bob', 'amount': 100}}
2024-11-30 15:33:21 - node2 - INFO - Broadcasting transaction: {'id': 'tx1', 'data': {'sender': 'Alice', 'receiver': 'Bob', 'amount': 100}}
2024-11-30 15:33:21 - node2 - INFO - Transaction broadcasted to http://pocnew1-node1-1:5000, Response: 400
2024-11-30 15:33:21 - node2 - INFO - Transaction tx1 already processed. Skipping.
2024-11-30 15:33:21 - node2 - INFO - Transaction tx1 already processed. Skipping.
2024-11-30 15:33:21 - node2 - INFO - Transaction broadcasted to http://pocnew1-node3-1:5000, Response: 200
2024-11-30 15:33:21 - node2 - INFO - Transaction broadcasted to http://pocnew1-node4-1:5000, Response: 400
2024-11-30 15:33:21 - node2 - INFO - Transaction added to pool: {'id': 'tx2', 'data': {'sender': 'Charlie', 'receiver': 'Diana', 'amount': 200}}
2024-11-30 15:33:21 - node2 - INFO - Transaction tx2 added to the pool: {'id': 'tx2', 'data': {'sender': 'Charlie', 'receiver': 'Diana', 'amount': 200}}
2024-11-30 15:33:21 - node2 - INFO - Broadcasting transaction: {'id': 'tx2', 'data': {'sender': 'Charlie', 'receiver': 'Diana', 'amount': 200}}
2024-11-30 15:33:21 - node2 - INFO - Broadcasting transaction: {'id': 'tx2', 'data': {'sender': 'Charlie', 'receiver': 'Diana', 'amount': 200}}
2024-11-30 15:33:21 - node2 - INFO - Transaction broadcasted to http://pocnew1-node1-1:5000, Response: 400
2024-11-30 15:33:21 - node2 - INFO - Transaction tx2 already processed. Skipping.
2024-11-30 15:33:21 - node2 - INFO - Transaction tx2 already processed. Skipping.
2024-11-30 15:33:21 - node2 - INFO - Transaction broadcasted to http://pocnew1-node3-1:5000, Response: 200
2024-11-30 15:33:21 - node2 - INFO - Transaction broadcasted to http://pocnew1-node4-1:5000, Response: 400
2024-11-30 15:33:21 - node2 - INFO - Transaction added to pool: {'id': 'tx3', 'data': {'sender': 'Eve', 'receiver': 'Frank', 'amount': 50}}
2024-11-30 15:33:21 - node2 - INFO - Transaction tx3 added to the pool: {'id': 'tx3', 'data': {'sender': 'Eve', 'receiver': 'Frank', 'amount': 50}}
2024-11-30 15:33:21 - node2 - INFO - Broadcasting transaction: {'id': 'tx3', 'data': {'sender': 'Eve', 'receiver': 'Frank', 'amount': 50}}
2024-11-30 15:33:21 - node2 - INFO - Broadcasting transaction: {'id': 'tx3', 'data': {'sender': 'Eve', 'receiver': 'Frank', 'amount': 50}}
2024-11-30 15:33:21 - node2 - INFO - Transaction broadcasted to http://pocnew1-node1-1:5000, Response: 400
2024-11-30 15:33:21 - node2 - INFO - Transaction tx3 already processed. Skipping.
2024-11-30 15:33:21 - node2 - INFO - Transaction tx3 already processed. Skipping.
2024-11-30 15:33:21 - node2 - INFO - Transaction broadcasted to http://pocnew1-node3-1:5000, Response: 200
2024-11-30 15:33:21 - node2 - INFO - Transaction broadcasted to http://pocnew1-node4-1:5000, Response: 400
2024-11-30 15:33:21 - node2 - INFO - Transaction added to pool: {'id': 'tx4', 'data': {'sender': 'Grace', 'receiver': 'Hank', 'amount': 75}}
2024-11-30 15:33:21 - node2 - INFO - Transaction tx4 added to the pool: {'id': 'tx4', 'data': {'sender': 'Grace', 'receiver': 'Hank', 'amount': 75}}
2024-11-30 15:33:21 - node2 - INFO - Broadcasting transaction: {'id': 'tx4', 'data': {'sender': 'Grace', 'receiver': 'Hank', 'amount': 75}}
2024-11-30 15:33:21 - node2 - INFO - Broadcasting transaction: {'id': 'tx4', 'data': {'sender': 'Grace', 'receiver': 'Hank', 'amount': 75}}
2024-11-30 15:33:21 - node2 - INFO - Transaction broadcasted to http://pocnew1-node1-1:5000, Response: 400
2024-11-30 15:33:21 - node2 - INFO - Transaction tx4 already processed. Skipping.
2024-11-30 15:33:21 - node2 - INFO - Transaction tx4 already processed. Skipping.
2024-11-30 15:33:21 - node2 - INFO - Transaction broadcasted to http://pocnew1-node3-1:5000, Response: 200
2024-11-30 15:33:21 - node2 - INFO - Transaction broadcasted to http://pocnew1-node4-1:5000, Response: 400
2024-11-30 15:33:21 - node2 - INFO - Transaction added to pool: {'id': 'tx5', 'data': {'sender': 'Ivan', 'receiver': 'Judy', 'amount': 300}}
2024-11-30 15:33:21 - node2 - INFO - Transaction tx5 added to the pool: {'id': 'tx5', 'data': {'sender': 'Ivan', 'receiver': 'Judy', 'amount': 300}}
2024-11-30 15:33:21 - node2 - INFO - Broadcasting transaction: {'id': 'tx5', 'data': {'sender': 'Ivan', 'receiver': 'Judy', 'amount': 300}}
2024-11-30 15:33:21 - node2 - INFO - Broadcasting transaction: {'id': 'tx5', 'data': {'sender': 'Ivan', 'receiver': 'Judy', 'amount': 300}}
2024-11-30 15:33:21 - node2 - INFO - Transaction broadcasted to http://pocnew1-node1-1:5000, Response: 400
2024-11-30 15:33:21 - node2 - INFO - Transaction tx5 already processed. Skipping.
2024-11-30 15:33:21 - node2 - INFO - Transaction tx5 already processed. Skipping.
2024-11-30 15:33:21 - node2 - INFO - Transaction broadcasted to http://pocnew1-node3-1:5000, Response: 200
2024-11-30 15:33:21 - node2 - INFO - Transaction broadcasted to http://pocnew1-node4-1:5000, Response: 400
2024-11-30 15:33:21 - node2 - INFO - Transaction added to pool: {'id': 'tx6', 'data': {'sender': 'Kim', 'receiver': 'Leo', 'amount': 150}}
2024-11-30 15:33:21 - node2 - INFO - Transaction tx6 added to the pool: {'id': 'tx6', 'data': {'sender': 'Kim', 'receiver': 'Leo', 'amount': 150}}
2024-11-30 15:33:21 - node2 - INFO - Broadcasting transaction: {'id': 'tx6', 'data': {'sender': 'Kim', 'receiver': 'Leo', 'amount': 150}}
2024-11-30 15:33:21 - node2 - INFO - Broadcasting transaction: {'id': 'tx6', 'data': {'sender': 'Kim', 'receiver': 'Leo', 'amount': 150}}
2024-11-30 15:33:21 - node2 - INFO - Transaction broadcasted to http://pocnew1-node1-1:5000, Response: 400
2024-11-30 15:33:21 - node2 - INFO - Transaction tx6 already processed. Skipping.
2024-11-30 15:33:21 - node2 - INFO - Transaction tx6 already processed. Skipping.
2024-11-30 15:33:21 - node2 - INFO - Transaction broadcasted to http://pocnew1-node3-1:5000, Response: 200
2024-11-30 15:33:21 - node2 - INFO - Transaction broadcasted to http://pocnew1-node4-1:5000, Response: 400
2024-11-30 15:33:21 - node2 - INFO - Transaction added to pool: {'id': 'tx7', 'data': {'sender': 'Mona', 'receiver': 'Nina', 'amount': 20}}
2024-11-30 15:33:21 - node2 - INFO - Transaction tx7 added to the pool: {'id': 'tx7', 'data': {'sender': 'Mona', 'receiver': 'Nina', 'amount': 20}}
2024-11-30 15:33:21 - node2 - INFO - Broadcasting transaction: {'id': 'tx7', 'data': {'sender': 'Mona', 'receiver': 'Nina', 'amount': 20}}
2024-11-30 15:33:21 - node2 - INFO - Broadcasting transaction: {'id': 'tx7', 'data': {'sender': 'Mona', 'receiver': 'Nina', 'amount': 20}}
2024-11-30 15:33:21 - node2 - INFO - Transaction broadcasted to http://pocnew1-node1-1:5000, Response: 400
2024-11-30 15:33:21 - node2 - INFO - Transaction tx7 already processed. Skipping.
2024-11-30 15:33:22 - node2 - INFO - Transaction tx7 already processed. Skipping.
2024-11-30 15:33:22 - node2 - INFO - Transaction broadcasted to http://pocnew1-node3-1:5000, Response: 200
2024-11-30 15:33:22 - node2 - INFO - Transaction broadcasted to http://pocnew1-node4-1:5000, Response: 400
2024-11-30 15:33:22 - node2 - INFO - Transaction added to pool: {'id': 'tx8', 'data': {'sender': 'Oscar', 'receiver': 'Paul', 'amount': 400}}
2024-11-30 15:33:22 - node2 - INFO - Transaction tx8 added to the pool: {'id': 'tx8', 'data': {'sender': 'Oscar', 'receiver': 'Paul', 'amount': 400}}
2024-11-30 15:33:22 - node2 - INFO - Broadcasting transaction: {'id': 'tx8', 'data': {'sender': 'Oscar', 'receiver': 'Paul', 'amount': 400}}
2024-11-30 15:33:22 - node2 - INFO - Broadcasting transaction: {'id': 'tx8', 'data': {'sender': 'Oscar', 'receiver': 'Paul', 'amount': 400}}
2024-11-30 15:33:22 - node2 - INFO - Transaction broadcasted to http://pocnew1-node1-1:5000, Response: 400
2024-11-30 15:33:22 - node2 - INFO - Transaction tx8 already processed. Skipping.
2024-11-30 15:33:22 - node2 - INFO - Transaction tx8 already processed. Skipping.
2024-11-30 15:33:22 - node2 - INFO - Transaction broadcasted to http://pocnew1-node3-1:5000, Response: 200
2024-11-30 15:33:22 - node2 - INFO - Transaction broadcasted to http://pocnew1-node4-1:5000, Response: 400
2024-11-30 15:33:22 - node2 - INFO - Transaction added to pool: {'id': 'tx9', 'data': {'sender': 'Quinn', 'receiver': 'Rita', 'amount': 80}}
2024-11-30 15:33:22 - node2 - INFO - Transaction tx9 added to the pool: {'id': 'tx9', 'data': {'sender': 'Quinn', 'receiver': 'Rita', 'amount': 80}}
2024-11-30 15:33:22 - node2 - INFO - Broadcasting transaction: {'id': 'tx9', 'data': {'sender': 'Quinn', 'receiver': 'Rita', 'amount': 80}}
2024-11-30 15:33:22 - node2 - INFO - Broadcasting transaction: {'id': 'tx9', 'data': {'sender': 'Quinn', 'receiver': 'Rita', 'amount': 80}}
2024-11-30 15:33:22 - node2 - INFO - Transaction broadcasted to http://pocnew1-node1-1:5000, Response: 400
2024-11-30 15:33:22 - node2 - INFO - Transaction tx9 already processed. Skipping.
2024-11-30 15:33:22 - node2 - INFO - Transaction tx9 already processed. Skipping.
2024-11-30 15:33:22 - node2 - INFO - Transaction broadcasted to http://pocnew1-node3-1:5000, Response: 200
2024-11-30 15:33:22 - node2 - INFO - Transaction broadcasted to http://pocnew1-node4-1:5000, Response: 400
2024-11-30 15:33:22 - node2 - INFO - Transaction added to pool: {'id': 'tx10', 'data': {'sender': 'Sam', 'receiver': 'Tina', 'amount': 60}}
2024-11-30 15:33:22 - node2 - INFO - Transaction tx10 added to the pool: {'id': 'tx10', 'data': {'sender': 'Sam', 'receiver': 'Tina', 'amount': 60}}
2024-11-30 15:33:22 - node2 - INFO - Broadcasting transaction: {'id': 'tx10', 'data': {'sender': 'Sam', 'receiver': 'Tina', 'amount': 60}}
2024-11-30 15:33:22 - node2 - INFO - Broadcasting transaction: {'id': 'tx10', 'data': {'sender': 'Sam', 'receiver': 'Tina', 'amount': 60}}
2024-11-30 15:33:22 - node2 - INFO - Transaction broadcasted to http://pocnew1-node1-1:5000, Response: 400
2024-11-30 15:33:22 - node2 - INFO - Transaction tx10 already processed. Skipping.
2024-11-30 15:33:22 - node2 - INFO - Transaction tx10 already processed. Skipping.
2024-11-30 15:33:22 - node2 - INFO - Transaction broadcasted to http://pocnew1-node3-1:5000, Response: 200
2024-11-30 15:33:22 - node2 - INFO - Transaction broadcasted to http://pocnew1-node4-1:5000, Response: 400
2024-11-30 15:34:41 - node2 - INFO - Successfully sent entropy to leader node1: -10224730621961707716600660628870174654056180602239975424.000000_-810742937935215099818016768.000000
2024-11-30 15:35:06 - node2 - INFO - Received aggregate_entropy: 2244575603.000000, Next leader: node2
2024-11-30 15:35:23 - node2 - ERROR - Error in propose_block: 'str' object is not callable
2024-11-30 15:35:25 - node2 - ERROR - Error in propose_block: 'str' object is not callable
2024-11-30 15:35:28 - node2 - ERROR - Error in propose_block: 'str' object is not callable
2024-11-30 15:37:52 - node2 - INFO - P2P Network initialized for node node2
2024-11-30 15:37:52 - node2 - INFO - Genesis Block Created: Block(Index: 0, Hash: b9f98eff07cc3a184133e353c4565bede4f65dcb994b88cdcd6fc8747905152c, Previous Hash: 0, Transactions: [], Entropy: 0, Timestamp: 1732894630.0)
2024-11-30 15:37:52 - node2 - INFO - Node node2 initialized.
2024-11-30 15:37:57 - node2 - INFO - Leader updated to node1
2024-11-30 15:37:58 - node2 - INFO - Transaction added to pool: {'id': 'tx1', 'data': {'sender': 'Alice', 'receiver': 'Bob', 'amount': 100}}
2024-11-30 15:37:58 - node2 - INFO - Transaction tx1 added to the pool: {'id': 'tx1', 'data': {'sender': 'Alice', 'receiver': 'Bob', 'amount': 100}}
2024-11-30 15:37:58 - node2 - INFO - Broadcasting transaction: {'id': 'tx1', 'data': {'sender': 'Alice', 'receiver': 'Bob', 'amount': 100}}
2024-11-30 15:37:58 - node2 - INFO - Broadcasting transaction: {'id': 'tx1', 'data': {'sender': 'Alice', 'receiver': 'Bob', 'amount': 100}}
2024-11-30 15:37:58 - node2 - INFO - Transaction broadcasted to http://pocnew1-node1-1:5000, Response: 400
2024-11-30 15:37:58 - node2 - INFO - Transaction tx1 already processed. Skipping.
2024-11-30 15:37:58 - node2 - INFO - Transaction tx1 already processed. Skipping.
2024-11-30 15:37:58 - node2 - INFO - Transaction broadcasted to http://pocnew1-node3-1:5000, Response: 200
2024-11-30 15:37:58 - node2 - INFO - Transaction broadcasted to http://pocnew1-node4-1:5000, Response: 400
2024-11-30 15:37:58 - node2 - INFO - Transaction added to pool: {'id': 'tx2', 'data': {'sender': 'Charlie', 'receiver': 'Diana', 'amount': 200}}
2024-11-30 15:37:58 - node2 - INFO - Transaction tx2 added to the pool: {'id': 'tx2', 'data': {'sender': 'Charlie', 'receiver': 'Diana', 'amount': 200}}
2024-11-30 15:37:58 - node2 - INFO - Broadcasting transaction: {'id': 'tx2', 'data': {'sender': 'Charlie', 'receiver': 'Diana', 'amount': 200}}
2024-11-30 15:37:58 - node2 - INFO - Broadcasting transaction: {'id': 'tx2', 'data': {'sender': 'Charlie', 'receiver': 'Diana', 'amount': 200}}
2024-11-30 15:37:58 - node2 - INFO - Transaction broadcasted to http://pocnew1-node1-1:5000, Response: 400
2024-11-30 15:37:58 - node2 - INFO - Transaction tx2 already processed. Skipping.
2024-11-30 15:37:58 - node2 - INFO - Transaction tx2 already processed. Skipping.
2024-11-30 15:37:58 - node2 - INFO - Transaction broadcasted to http://pocnew1-node3-1:5000, Response: 200
2024-11-30 15:37:58 - node2 - INFO - Transaction broadcasted to http://pocnew1-node4-1:5000, Response: 400
2024-11-30 15:37:58 - node2 - INFO - Transaction added to pool: {'id': 'tx3', 'data': {'sender': 'Eve', 'receiver': 'Frank', 'amount': 50}}
2024-11-30 15:37:58 - node2 - INFO - Transaction tx3 added to the pool: {'id': 'tx3', 'data': {'sender': 'Eve', 'receiver': 'Frank', 'amount': 50}}
2024-11-30 15:37:58 - node2 - INFO - Broadcasting transaction: {'id': 'tx3', 'data': {'sender': 'Eve', 'receiver': 'Frank', 'amount': 50}}
2024-11-30 15:37:58 - node2 - INFO - Broadcasting transaction: {'id': 'tx3', 'data': {'sender': 'Eve', 'receiver': 'Frank', 'amount': 50}}
2024-11-30 15:37:58 - node2 - INFO - Transaction broadcasted to http://pocnew1-node1-1:5000, Response: 400
2024-11-30 15:37:58 - node2 - INFO - Transaction tx3 already processed. Skipping.
2024-11-30 15:37:58 - node2 - INFO - Transaction tx3 already processed. Skipping.
2024-11-30 15:37:58 - node2 - INFO - Transaction broadcasted to http://pocnew1-node3-1:5000, Response: 200
2024-11-30 15:37:58 - node2 - INFO - Transaction broadcasted to http://pocnew1-node4-1:5000, Response: 400
2024-11-30 15:37:58 - node2 - INFO - Transaction added to pool: {'id': 'tx4', 'data': {'sender': 'Grace', 'receiver': 'Hank', 'amount': 75}}
2024-11-30 15:37:58 - node2 - INFO - Transaction tx4 added to the pool: {'id': 'tx4', 'data': {'sender': 'Grace', 'receiver': 'Hank', 'amount': 75}}
2024-11-30 15:37:58 - node2 - INFO - Broadcasting transaction: {'id': 'tx4', 'data': {'sender': 'Grace', 'receiver': 'Hank', 'amount': 75}}
2024-11-30 15:37:58 - node2 - INFO - Broadcasting transaction: {'id': 'tx4', 'data': {'sender': 'Grace', 'receiver': 'Hank', 'amount': 75}}
2024-11-30 15:37:58 - node2 - INFO - Transaction broadcasted to http://pocnew1-node1-1:5000, Response: 400
2024-11-30 15:37:58 - node2 - INFO - Transaction tx4 already processed. Skipping.
2024-11-30 15:37:58 - node2 - INFO - Transaction tx4 already processed. Skipping.
2024-11-30 15:37:58 - node2 - INFO - Transaction broadcasted to http://pocnew1-node3-1:5000, Response: 200
2024-11-30 15:37:58 - node2 - INFO - Transaction broadcasted to http://pocnew1-node4-1:5000, Response: 400
2024-11-30 15:37:58 - node2 - INFO - Transaction added to pool: {'id': 'tx5', 'data': {'sender': 'Ivan', 'receiver': 'Judy', 'amount': 300}}
2024-11-30 15:37:58 - node2 - INFO - Transaction tx5 added to the pool: {'id': 'tx5', 'data': {'sender': 'Ivan', 'receiver': 'Judy', 'amount': 300}}
2024-11-30 15:37:58 - node2 - INFO - Broadcasting transaction: {'id': 'tx5', 'data': {'sender': 'Ivan', 'receiver': 'Judy', 'amount': 300}}
2024-11-30 15:37:58 - node2 - INFO - Broadcasting transaction: {'id': 'tx5', 'data': {'sender': 'Ivan', 'receiver': 'Judy', 'amount': 300}}
2024-11-30 15:37:58 - node2 - INFO - Transaction broadcasted to http://pocnew1-node1-1:5000, Response: 400
2024-11-30 15:37:58 - node2 - INFO - Transaction tx5 already processed. Skipping.
2024-11-30 15:37:58 - node2 - INFO - Transaction tx5 already processed. Skipping.
2024-11-30 15:37:58 - node2 - INFO - Transaction broadcasted to http://pocnew1-node3-1:5000, Response: 200
2024-11-30 15:37:58 - node2 - INFO - Transaction broadcasted to http://pocnew1-node4-1:5000, Response: 400
2024-11-30 15:37:58 - node2 - INFO - Transaction added to pool: {'id': 'tx6', 'data': {'sender': 'Kim', 'receiver': 'Leo', 'amount': 150}}
2024-11-30 15:37:58 - node2 - INFO - Transaction tx6 added to the pool: {'id': 'tx6', 'data': {'sender': 'Kim', 'receiver': 'Leo', 'amount': 150}}
2024-11-30 15:37:58 - node2 - INFO - Broadcasting transaction: {'id': 'tx6', 'data': {'sender': 'Kim', 'receiver': 'Leo', 'amount': 150}}
2024-11-30 15:37:58 - node2 - INFO - Broadcasting transaction: {'id': 'tx6', 'data': {'sender': 'Kim', 'receiver': 'Leo', 'amount': 150}}
2024-11-30 15:37:58 - node2 - INFO - Transaction broadcasted to http://pocnew1-node1-1:5000, Response: 400
2024-11-30 15:37:58 - node2 - INFO - Transaction tx6 already processed. Skipping.
2024-11-30 15:37:58 - node2 - INFO - Transaction tx6 already processed. Skipping.
2024-11-30 15:37:58 - node2 - INFO - Transaction broadcasted to http://pocnew1-node3-1:5000, Response: 200
2024-11-30 15:37:58 - node2 - INFO - Transaction broadcasted to http://pocnew1-node4-1:5000, Response: 400
2024-11-30 15:37:58 - node2 - INFO - Transaction added to pool: {'id': 'tx7', 'data': {'sender': 'Mona', 'receiver': 'Nina', 'amount': 20}}
2024-11-30 15:37:58 - node2 - INFO - Transaction tx7 added to the pool: {'id': 'tx7', 'data': {'sender': 'Mona', 'receiver': 'Nina', 'amount': 20}}
2024-11-30 15:37:58 - node2 - INFO - Broadcasting transaction: {'id': 'tx7', 'data': {'sender': 'Mona', 'receiver': 'Nina', 'amount': 20}}
2024-11-30 15:37:58 - node2 - INFO - Broadcasting transaction: {'id': 'tx7', 'data': {'sender': 'Mona', 'receiver': 'Nina', 'amount': 20}}
2024-11-30 15:37:58 - node2 - INFO - Transaction broadcasted to http://pocnew1-node1-1:5000, Response: 400
2024-11-30 15:37:58 - node2 - INFO - Transaction tx7 already processed. Skipping.
2024-11-30 15:37:58 - node2 - INFO - Transaction tx7 already processed. Skipping.
2024-11-30 15:37:58 - node2 - INFO - Transaction broadcasted to http://pocnew1-node3-1:5000, Response: 200
2024-11-30 15:37:58 - node2 - INFO - Transaction broadcasted to http://pocnew1-node4-1:5000, Response: 400
2024-11-30 15:37:58 - node2 - INFO - Transaction added to pool: {'id': 'tx8', 'data': {'sender': 'Oscar', 'receiver': 'Paul', 'amount': 400}}
2024-11-30 15:37:58 - node2 - INFO - Transaction tx8 added to the pool: {'id': 'tx8', 'data': {'sender': 'Oscar', 'receiver': 'Paul', 'amount': 400}}
2024-11-30 15:37:58 - node2 - INFO - Broadcasting transaction: {'id': 'tx8', 'data': {'sender': 'Oscar', 'receiver': 'Paul', 'amount': 400}}
2024-11-30 15:37:58 - node2 - INFO - Broadcasting transaction: {'id': 'tx8', 'data': {'sender': 'Oscar', 'receiver': 'Paul', 'amount': 400}}
2024-11-30 15:37:58 - node2 - INFO - Transaction broadcasted to http://pocnew1-node1-1:5000, Response: 400
2024-11-30 15:37:58 - node2 - INFO - Transaction tx8 already processed. Skipping.
2024-11-30 15:37:58 - node2 - INFO - Transaction tx8 already processed. Skipping.
2024-11-30 15:37:58 - node2 - INFO - Transaction broadcasted to http://pocnew1-node3-1:5000, Response: 200
2024-11-30 15:37:58 - node2 - INFO - Transaction broadcasted to http://pocnew1-node4-1:5000, Response: 400
2024-11-30 15:37:58 - node2 - INFO - Transaction added to pool: {'id': 'tx9', 'data': {'sender': 'Quinn', 'receiver': 'Rita', 'amount': 80}}
2024-11-30 15:37:58 - node2 - INFO - Transaction tx9 added to the pool: {'id': 'tx9', 'data': {'sender': 'Quinn', 'receiver': 'Rita', 'amount': 80}}
2024-11-30 15:37:58 - node2 - INFO - Broadcasting transaction: {'id': 'tx9', 'data': {'sender': 'Quinn', 'receiver': 'Rita', 'amount': 80}}
2024-11-30 15:37:58 - node2 - INFO - Broadcasting transaction: {'id': 'tx9', 'data': {'sender': 'Quinn', 'receiver': 'Rita', 'amount': 80}}
2024-11-30 15:37:58 - node2 - INFO - Transaction broadcasted to http://pocnew1-node1-1:5000, Response: 400
2024-11-30 15:37:58 - node2 - INFO - Transaction tx9 already processed. Skipping.
2024-11-30 15:37:58 - node2 - INFO - Transaction tx9 already processed. Skipping.
2024-11-30 15:37:58 - node2 - INFO - Transaction broadcasted to http://pocnew1-node3-1:5000, Response: 200
2024-11-30 15:37:58 - node2 - INFO - Transaction broadcasted to http://pocnew1-node4-1:5000, Response: 400
2024-11-30 15:37:58 - node2 - INFO - Transaction added to pool: {'id': 'tx10', 'data': {'sender': 'Sam', 'receiver': 'Tina', 'amount': 60}}
2024-11-30 15:37:58 - node2 - INFO - Transaction tx10 added to the pool: {'id': 'tx10', 'data': {'sender': 'Sam', 'receiver': 'Tina', 'amount': 60}}
2024-11-30 15:37:58 - node2 - INFO - Broadcasting transaction: {'id': 'tx10', 'data': {'sender': 'Sam', 'receiver': 'Tina', 'amount': 60}}
2024-11-30 15:37:58 - node2 - INFO - Broadcasting transaction: {'id': 'tx10', 'data': {'sender': 'Sam', 'receiver': 'Tina', 'amount': 60}}
2024-11-30 15:37:58 - node2 - INFO - Transaction broadcasted to http://pocnew1-node1-1:5000, Response: 400
2024-11-30 15:37:58 - node2 - INFO - Transaction tx10 already processed. Skipping.
2024-11-30 15:37:58 - node2 - INFO - Transaction tx10 already processed. Skipping.
2024-11-30 15:37:58 - node2 - INFO - Transaction broadcasted to http://pocnew1-node3-1:5000, Response: 200
2024-11-30 15:37:58 - node2 - INFO - Transaction broadcasted to http://pocnew1-node4-1:5000, Response: 400
2024-11-30 15:38:29 - node2 - INFO - Successfully sent entropy to leader node1: 0.351501_-0.140004
2024-11-30 15:38:47 - node2 - INFO - Received aggregate_entropy: 2426537110.666667, Next leader: node4
2024-11-30 15:45:13 - node2 - INFO - P2P Network initialized for node node2
2024-11-30 15:45:13 - node2 - INFO - Genesis Block Created: Block(Index: 0, Hash: b9f98eff07cc3a184133e353c4565bede4f65dcb994b88cdcd6fc8747905152c, Previous Hash: 0, Transactions: [], Entropy: 0, Timestamp: 1732894630.0)
2024-11-30 15:45:13 - node2 - INFO - Node node2 initialized.
2024-11-30 15:45:18 - node2 - INFO - Leader updated to node1
2024-11-30 15:45:20 - node2 - INFO - Successfully sent entropy to leader node1: -0.026000_-0.298733
2024-11-30 15:45:34 - node2 - INFO - Received aggregate_entropy: 2179805226.333333, Next leader: node4
2024-11-30 15:48:44 - node2 - INFO - P2P Network initialized for node node2
2024-11-30 15:48:44 - node2 - INFO - Genesis Block Created: Block(Index: 0, Hash: b9f98eff07cc3a184133e353c4565bede4f65dcb994b88cdcd6fc8747905152c, Previous Hash: 0, Transactions: [], Entropy: 0, Timestamp: 1732894630.0)
2024-11-30 15:48:44 - node2 - INFO - Node node2 initialized.
2024-11-30 15:48:49 - node2 - INFO - Leader updated to node1
2024-11-30 15:59:44 - node2 - INFO - Successfully sent entropy to leader node1: 1.067736_-0.117263
2024-11-30 16:03:39 - node2 - INFO - P2P Network initialized for node node2
2024-11-30 16:03:39 - node2 - INFO - Genesis Block Created: Block(Index: 0, Hash: b9f98eff07cc3a184133e353c4565bede4f65dcb994b88cdcd6fc8747905152c, Previous Hash: 0, Transactions: [], Entropy: 0, Timestamp: 1732894630.0)
2024-11-30 16:03:39 - node2 - INFO - Node node2 initialized.
2024-11-30 16:03:39 - node2 - INFO - Leader updated to node1
2024-11-30 16:03:53 - node2 - INFO - Successfully sent entropy to leader node1: 0.930163_0.135403
2024-11-30 16:04:41 - node2 - INFO - P2P Network initialized for node node2
2024-11-30 16:04:41 - node2 - INFO - Genesis Block Created: Block(Index: 0, Hash: b9f98eff07cc3a184133e353c4565bede4f65dcb994b88cdcd6fc8747905152c, Previous Hash: 0, Transactions: [], Entropy: 0, Timestamp: 1732894630.0)
2024-11-30 16:04:41 - node2 - INFO - Node node2 initialized.
2024-11-30 16:04:46 - node2 - INFO - Leader updated to node1
2024-11-30 16:04:46 - node2 - INFO - Successfully sent entropy to leader node1: 0.216387_0.245953
2024-11-30 16:04:56 - node2 - INFO - Received aggregate_entropy: 3336386037.000000, Next leader: node4
2024-11-30 16:05:19 - node2 - INFO - Transaction added to pool: {'id': 'tx1', 'data': {'sender': 'Alice', 'receiver': 'Bob', 'amount': 100}}
2024-11-30 16:05:19 - node2 - INFO - Transaction tx1 added to the pool: {'id': 'tx1', 'data': {'sender': 'Alice', 'receiver': 'Bob', 'amount': 100}}
2024-11-30 16:05:19 - node2 - INFO - Broadcasting transaction: {'id': 'tx1', 'data': {'sender': 'Alice', 'receiver': 'Bob', 'amount': 100}}
2024-11-30 16:05:19 - node2 - INFO - Broadcasting transaction: {'id': 'tx1', 'data': {'sender': 'Alice', 'receiver': 'Bob', 'amount': 100}}
2024-11-30 16:05:19 - node2 - INFO - Transaction broadcasted to http://pocnew1-node1-1:5000, Response: 400
2024-11-30 16:05:19 - node2 - INFO - Transaction tx1 already processed. Skipping.
2024-11-30 16:05:19 - node2 - INFO - Transaction tx1 already processed. Skipping.
2024-11-30 16:05:19 - node2 - INFO - Transaction broadcasted to http://pocnew1-node3-1:5000, Response: 200
2024-11-30 16:05:19 - node2 - INFO - Transaction broadcasted to http://pocnew1-node4-1:5000, Response: 400
2024-11-30 16:05:19 - node2 - INFO - Transaction added to pool: {'id': 'tx2', 'data': {'sender': 'Charlie', 'receiver': 'Diana', 'amount': 200}}
2024-11-30 16:05:19 - node2 - INFO - Transaction tx2 added to the pool: {'id': 'tx2', 'data': {'sender': 'Charlie', 'receiver': 'Diana', 'amount': 200}}
2024-11-30 16:05:19 - node2 - INFO - Broadcasting transaction: {'id': 'tx2', 'data': {'sender': 'Charlie', 'receiver': 'Diana', 'amount': 200}}
2024-11-30 16:05:19 - node2 - INFO - Broadcasting transaction: {'id': 'tx2', 'data': {'sender': 'Charlie', 'receiver': 'Diana', 'amount': 200}}
2024-11-30 16:05:19 - node2 - INFO - Transaction broadcasted to http://pocnew1-node1-1:5000, Response: 400
2024-11-30 16:05:19 - node2 - INFO - Transaction tx2 already processed. Skipping.
2024-11-30 16:05:19 - node2 - INFO - Transaction tx2 already processed. Skipping.
2024-11-30 16:05:19 - node2 - INFO - Transaction broadcasted to http://pocnew1-node3-1:5000, Response: 200
2024-11-30 16:05:19 - node2 - INFO - Transaction broadcasted to http://pocnew1-node4-1:5000, Response: 400
2024-11-30 16:05:19 - node2 - INFO - Transaction added to pool: {'id': 'tx3', 'data': {'sender': 'Eve', 'receiver': 'Frank', 'amount': 50}}
2024-11-30 16:05:19 - node2 - INFO - Transaction tx3 added to the pool: {'id': 'tx3', 'data': {'sender': 'Eve', 'receiver': 'Frank', 'amount': 50}}
2024-11-30 16:05:19 - node2 - INFO - Broadcasting transaction: {'id': 'tx3', 'data': {'sender': 'Eve', 'receiver': 'Frank', 'amount': 50}}
2024-11-30 16:05:19 - node2 - INFO - Broadcasting transaction: {'id': 'tx3', 'data': {'sender': 'Eve', 'receiver': 'Frank', 'amount': 50}}
2024-11-30 16:05:19 - node2 - INFO - Transaction broadcasted to http://pocnew1-node1-1:5000, Response: 400
2024-11-30 16:05:19 - node2 - INFO - Transaction tx3 already processed. Skipping.
2024-11-30 16:05:19 - node2 - INFO - Transaction tx3 already processed. Skipping.
2024-11-30 16:05:19 - node2 - INFO - Transaction broadcasted to http://pocnew1-node3-1:5000, Response: 200
2024-11-30 16:05:19 - node2 - INFO - Transaction broadcasted to http://pocnew1-node4-1:5000, Response: 400
2024-11-30 16:05:19 - node2 - INFO - Transaction added to pool: {'id': 'tx4', 'data': {'sender': 'Grace', 'receiver': 'Hank', 'amount': 75}}
2024-11-30 16:05:19 - node2 - INFO - Transaction tx4 added to the pool: {'id': 'tx4', 'data': {'sender': 'Grace', 'receiver': 'Hank', 'amount': 75}}
2024-11-30 16:05:19 - node2 - INFO - Broadcasting transaction: {'id': 'tx4', 'data': {'sender': 'Grace', 'receiver': 'Hank', 'amount': 75}}
2024-11-30 16:05:19 - node2 - INFO - Broadcasting transaction: {'id': 'tx4', 'data': {'sender': 'Grace', 'receiver': 'Hank', 'amount': 75}}
2024-11-30 16:05:19 - node2 - INFO - Transaction broadcasted to http://pocnew1-node1-1:5000, Response: 400
2024-11-30 16:05:19 - node2 - INFO - Transaction tx4 already processed. Skipping.
2024-11-30 16:05:19 - node2 - INFO - Transaction tx4 already processed. Skipping.
2024-11-30 16:05:19 - node2 - INFO - Transaction broadcasted to http://pocnew1-node3-1:5000, Response: 200
2024-11-30 16:05:19 - node2 - INFO - Transaction broadcasted to http://pocnew1-node4-1:5000, Response: 400
2024-11-30 16:05:19 - node2 - INFO - Transaction added to pool: {'id': 'tx5', 'data': {'sender': 'Ivan', 'receiver': 'Judy', 'amount': 300}}
2024-11-30 16:05:19 - node2 - INFO - Transaction tx5 added to the pool: {'id': 'tx5', 'data': {'sender': 'Ivan', 'receiver': 'Judy', 'amount': 300}}
2024-11-30 16:05:19 - node2 - INFO - Broadcasting transaction: {'id': 'tx5', 'data': {'sender': 'Ivan', 'receiver': 'Judy', 'amount': 300}}
2024-11-30 16:05:19 - node2 - INFO - Broadcasting transaction: {'id': 'tx5', 'data': {'sender': 'Ivan', 'receiver': 'Judy', 'amount': 300}}
2024-11-30 16:05:19 - node2 - INFO - Transaction broadcasted to http://pocnew1-node1-1:5000, Response: 400
2024-11-30 16:05:19 - node2 - INFO - Transaction tx5 already processed. Skipping.
2024-11-30 16:05:19 - node2 - INFO - Transaction tx5 already processed. Skipping.
2024-11-30 16:05:19 - node2 - INFO - Transaction broadcasted to http://pocnew1-node3-1:5000, Response: 200
2024-11-30 16:05:19 - node2 - INFO - Transaction broadcasted to http://pocnew1-node4-1:5000, Response: 400
2024-11-30 16:05:19 - node2 - INFO - Transaction added to pool: {'id': 'tx6', 'data': {'sender': 'Kim', 'receiver': 'Leo', 'amount': 150}}
2024-11-30 16:05:19 - node2 - INFO - Transaction tx6 added to the pool: {'id': 'tx6', 'data': {'sender': 'Kim', 'receiver': 'Leo', 'amount': 150}}
2024-11-30 16:05:19 - node2 - INFO - Broadcasting transaction: {'id': 'tx6', 'data': {'sender': 'Kim', 'receiver': 'Leo', 'amount': 150}}
2024-11-30 16:05:19 - node2 - INFO - Broadcasting transaction: {'id': 'tx6', 'data': {'sender': 'Kim', 'receiver': 'Leo', 'amount': 150}}
2024-11-30 16:05:19 - node2 - INFO - Transaction broadcasted to http://pocnew1-node1-1:5000, Response: 400
2024-11-30 16:05:19 - node2 - INFO - Transaction tx6 already processed. Skipping.
2024-11-30 16:05:19 - node2 - INFO - Transaction tx6 already processed. Skipping.
2024-11-30 16:05:19 - node2 - INFO - Transaction broadcasted to http://pocnew1-node3-1:5000, Response: 200
2024-11-30 16:05:19 - node2 - INFO - Transaction broadcasted to http://pocnew1-node4-1:5000, Response: 400
2024-11-30 16:05:19 - node2 - INFO - Transaction added to pool: {'id': 'tx7', 'data': {'sender': 'Mona', 'receiver': 'Nina', 'amount': 20}}
2024-11-30 16:05:19 - node2 - INFO - Transaction tx7 added to the pool: {'id': 'tx7', 'data': {'sender': 'Mona', 'receiver': 'Nina', 'amount': 20}}
2024-11-30 16:05:19 - node2 - INFO - Broadcasting transaction: {'id': 'tx7', 'data': {'sender': 'Mona', 'receiver': 'Nina', 'amount': 20}}
2024-11-30 16:05:19 - node2 - INFO - Broadcasting transaction: {'id': 'tx7', 'data': {'sender': 'Mona', 'receiver': 'Nina', 'amount': 20}}
2024-11-30 16:05:19 - node2 - INFO - Transaction broadcasted to http://pocnew1-node1-1:5000, Response: 400
2024-11-30 16:05:19 - node2 - INFO - Transaction tx7 already processed. Skipping.
2024-11-30 16:05:19 - node2 - INFO - Transaction tx7 already processed. Skipping.
2024-11-30 16:05:19 - node2 - INFO - Transaction broadcasted to http://pocnew1-node3-1:5000, Response: 200
2024-11-30 16:05:19 - node2 - INFO - Transaction broadcasted to http://pocnew1-node4-1:5000, Response: 400
2024-11-30 16:05:19 - node2 - INFO - Transaction added to pool: {'id': 'tx8', 'data': {'sender': 'Oscar', 'receiver': 'Paul', 'amount': 400}}
2024-11-30 16:05:19 - node2 - INFO - Transaction tx8 added to the pool: {'id': 'tx8', 'data': {'sender': 'Oscar', 'receiver': 'Paul', 'amount': 400}}
2024-11-30 16:05:19 - node2 - INFO - Broadcasting transaction: {'id': 'tx8', 'data': {'sender': 'Oscar', 'receiver': 'Paul', 'amount': 400}}
2024-11-30 16:05:19 - node2 - INFO - Broadcasting transaction: {'id': 'tx8', 'data': {'sender': 'Oscar', 'receiver': 'Paul', 'amount': 400}}
2024-11-30 16:05:19 - node2 - INFO - Transaction broadcasted to http://pocnew1-node1-1:5000, Response: 400
2024-11-30 16:05:19 - node2 - INFO - Transaction tx8 already processed. Skipping.
2024-11-30 16:05:19 - node2 - INFO - Transaction tx8 already processed. Skipping.
2024-11-30 16:05:19 - node2 - INFO - Transaction broadcasted to http://pocnew1-node3-1:5000, Response: 200
2024-11-30 16:05:19 - node2 - INFO - Transaction broadcasted to http://pocnew1-node4-1:5000, Response: 400
2024-11-30 16:05:19 - node2 - INFO - Transaction added to pool: {'id': 'tx9', 'data': {'sender': 'Quinn', 'receiver': 'Rita', 'amount': 80}}
2024-11-30 16:05:19 - node2 - INFO - Transaction tx9 added to the pool: {'id': 'tx9', 'data': {'sender': 'Quinn', 'receiver': 'Rita', 'amount': 80}}
2024-11-30 16:05:19 - node2 - INFO - Broadcasting transaction: {'id': 'tx9', 'data': {'sender': 'Quinn', 'receiver': 'Rita', 'amount': 80}}
2024-11-30 16:05:19 - node2 - INFO - Broadcasting transaction: {'id': 'tx9', 'data': {'sender': 'Quinn', 'receiver': 'Rita', 'amount': 80}}
2024-11-30 16:05:19 - node2 - INFO - Transaction broadcasted to http://pocnew1-node1-1:5000, Response: 400
2024-11-30 16:05:19 - node2 - INFO - Transaction tx9 already processed. Skipping.
2024-11-30 16:05:19 - node2 - INFO - Transaction tx9 already processed. Skipping.
2024-11-30 16:05:19 - node2 - INFO - Transaction broadcasted to http://pocnew1-node3-1:5000, Response: 200
2024-11-30 16:05:20 - node2 - INFO - Transaction broadcasted to http://pocnew1-node4-1:5000, Response: 400
2024-11-30 16:05:20 - node2 - INFO - Transaction added to pool: {'id': 'tx10', 'data': {'sender': 'Sam', 'receiver': 'Tina', 'amount': 60}}
2024-11-30 16:05:20 - node2 - INFO - Transaction tx10 added to the pool: {'id': 'tx10', 'data': {'sender': 'Sam', 'receiver': 'Tina', 'amount': 60}}
2024-11-30 16:05:20 - node2 - INFO - Broadcasting transaction: {'id': 'tx10', 'data': {'sender': 'Sam', 'receiver': 'Tina', 'amount': 60}}
2024-11-30 16:05:20 - node2 - INFO - Broadcasting transaction: {'id': 'tx10', 'data': {'sender': 'Sam', 'receiver': 'Tina', 'amount': 60}}
2024-11-30 16:05:20 - node2 - INFO - Transaction broadcasted to http://pocnew1-node1-1:5000, Response: 400
2024-11-30 16:05:20 - node2 - INFO - Transaction tx10 already processed. Skipping.
2024-11-30 16:05:20 - node2 - INFO - Transaction tx10 already processed. Skipping.
2024-11-30 16:05:20 - node2 - INFO - Transaction broadcasted to http://pocnew1-node3-1:5000, Response: 200
2024-11-30 16:05:20 - node2 - INFO - Transaction broadcasted to http://pocnew1-node4-1:5000, Response: 400
2024-11-30 16:05:27 - node2 - INFO - Validation response received: Block 1, Node node1, Status valid
2024-11-30 16:05:27 - node2 - INFO - Received proposed block: {'index': 1, 'previous_hash': 'b9f98eff07cc3a184133e353c4565bede4f65dcb994b88cdcd6fc8747905152c', 'transactions': [{'id': 'tx4', 'data': {'sender': 'Grace', 'receiver': 'Hank', 'amount': 75}}, {'id': 'tx1', 'data': {'sender': 'Alice', 'receiver': 'Bob', 'amount': 100}}, {'id': 'tx7', 'data': {'sender': 'Mona', 'receiver': 'Nina', 'amount': 20}}, {'id': 'tx3', 'data': {'sender': 'Eve', 'receiver': 'Frank', 'amount': 50}}, {'id': 'tx5', 'data': {'sender': 'Ivan', 'receiver': 'Judy', 'amount': 300}}, {'id': 'tx2', 'data': {'sender': 'Charlie', 'receiver': 'Diana', 'amount': 200}}, {'id': 'tx10', 'data': {'sender': 'Sam', 'receiver': 'Tina', 'amount': 60}}, {'id': 'tx9', 'data': {'sender': 'Quinn', 'receiver': 'Rita', 'amount': 80}}, {'id': 'tx8', 'data': {'sender': 'Oscar', 'receiver': 'Paul', 'amount': 400}}, {'id': 'tx6', 'data': {'sender': 'Kim', 'receiver': 'Leo', 'amount': 150}}], 'entropy': '0.000000', 'timestamp': 1732982727.9179568, 'hash': '12c39a37c142afc32d2b38e0a73171e811dff7074176c376dc5525286fbf7703', 'block_data': {'index': 1, 'previous_hash': 'b9f98eff07cc3a184133e353c4565bede4f65dcb994b88cdcd6fc8747905152c', 'transactions': [{'id': 'tx4', 'data': {'sender': 'Grace', 'receiver': 'Hank', 'amount': 75}}, {'id': 'tx1', 'data': {'sender': 'Alice', 'receiver': 'Bob', 'amount': 100}}, {'id': 'tx7', 'data': {'sender': 'Mona', 'receiver': 'Nina', 'amount': 20}}, {'id': 'tx3', 'data': {'sender': 'Eve', 'receiver': 'Frank', 'amount': 50}}, {'id': 'tx5', 'data': {'sender': 'Ivan', 'receiver': 'Judy', 'amount': 300}}, {'id': 'tx2', 'data': {'sender': 'Charlie', 'receiver': 'Diana', 'amount': 200}}, {'id': 'tx10', 'data': {'sender': 'Sam', 'receiver': 'Tina', 'amount': 60}}, {'id': 'tx9', 'data': {'sender': 'Quinn', 'receiver': 'Rita', 'amount': 80}}, {'id': 'tx8', 'data': {'sender': 'Oscar', 'receiver': 'Paul', 'amount': 400}}, {'id': 'tx6', 'data': {'sender': 'Kim', 'receiver': 'Leo', 'amount': 150}}], 'entropy': '0.000000', 'timestamp': 1732982727.9179568, 'hash': '12c39a37c142afc32d2b38e0a73171e811dff7074176c376dc5525286fbf7703'}}
2024-11-30 16:05:27 - node2 - INFO - Node node2 validating Block 1 with aggregate entropy 0.000000
2024-11-30 16:05:27 - node2 - INFO - Node node2 successfully validated Block 1.
2024-11-30 16:05:27 - node2 - INFO - [node2] Broadcasting message: block_validation with payload: {'block_index': 1, 'node_id': 'node2', 'status': 'valid', 'block_data': {'index': 1, 'previous_hash': 'b9f98eff07cc3a184133e353c4565bede4f65dcb994b88cdcd6fc8747905152c', 'transactions': [{'id': 'tx4', 'data': {'sender': 'Grace', 'receiver': 'Hank', 'amount': 75}}, {'id': 'tx1', 'data': {'sender': 'Alice', 'receiver': 'Bob', 'amount': 100}}, {'id': 'tx7', 'data': {'sender': 'Mona', 'receiver': 'Nina', 'amount': 20}}, {'id': 'tx3', 'data': {'sender': 'Eve', 'receiver': 'Frank', 'amount': 50}}, {'id': 'tx5', 'data': {'sender': 'Ivan', 'receiver': 'Judy', 'amount': 300}}, {'id': 'tx2', 'data': {'sender': 'Charlie', 'receiver': 'Diana', 'amount': 200}}, {'id': 'tx10', 'data': {'sender': 'Sam', 'receiver': 'Tina', 'amount': 60}}, {'id': 'tx9', 'data': {'sender': 'Quinn', 'receiver': 'Rita', 'amount': 80}}, {'id': 'tx8', 'data': {'sender': 'Oscar', 'receiver': 'Paul', 'amount': 400}}, {'id': 'tx6', 'data': {'sender': 'Kim', 'receiver': 'Leo', 'amount': 150}}], 'entropy': '0.000000', 'timestamp': 1732982727.9179568, 'hash': '12c39a37c142afc32d2b38e0a73171e811dff7074176c376dc5525286fbf7703'}}
2024-11-30 16:05:27 - node2 - INFO - Message block_validation broadcasted to http://pocnew1-node1-1:5000. Response: 200
2024-11-30 16:05:27 - node2 - INFO - Message block_validation broadcasted to http://pocnew1-node3-1:5000. Response: 200
2024-11-30 16:05:27 - node2 - INFO - Message block_validation broadcasted to http://pocnew1-node4-1:5000. Response: 200
2024-11-30 16:05:27 - node2 - INFO - Validation response received: Block 1, Node node3, Status valid
2024-11-30 16:05:27 - node2 - INFO - Block 1 successfully added to the blockchain.
2024-11-30 16:05:27 - node2 - INFO - Blockchain updated with block 1.
