2024-11-29 15:58:02 - node4 - INFO - Genesis Block Created: Block(Index: 0, Hash: b9f98eff07cc3a184133e353c4565bede4f65dcb994b88cdcd6fc8747905152c, Previous Hash: 0, Transactions: [], Entropy: 0, Timestamp: 1732894630.0)
2024-11-29 16:04:57 - node4 - INFO - Genesis Block Created: Block(Index: 0, Hash: b9f98eff07cc3a184133e353c4565bede4f65dcb994b88cdcd6fc8747905152c, Previous Hash: 0, Transactions: [], Entropy: 0, Timestamp: 1732894630.0)
2024-11-29 16:19:20 - node4 - INFO - Genesis Block Created: Block(Index: 0, Hash: b9f98eff07cc3a184133e353c4565bede4f65dcb994b88cdcd6fc8747905152c, Previous Hash: 0, Transactions: [], Entropy: 0, Timestamp: 1732894630.0)
2024-11-29 16:19:20 - node4 - INFO - Genesis Block Created: Block(Index: 0, Hash: b9f98eff07cc3a184133e353c4565bede4f65dcb994b88cdcd6fc8747905152c, Previous Hash: 0, Transactions: [], Entropy: 0, Timestamp: 1732894630.0)
2024-11-29 16:26:04 - node4 - INFO - Genesis Block Created: Block(Index: 0, Hash: b9f98eff07cc3a184133e353c4565bede4f65dcb994b88cdcd6fc8747905152c, Previous Hash: 0, Transactions: [], Entropy: 0, Timestamp: 1732894630.0)
2024-11-29 16:31:31 - node4 - INFO - Genesis Block Created: Block(Index: 0, Hash: b9f98eff07cc3a184133e353c4565bede4f65dcb994b88cdcd6fc8747905152c, Previous Hash: 0, Transactions: [], Entropy: 0, Timestamp: 1732894630.0)
2024-11-29 16:40:03 - node4 - INFO - Genesis Block Created: Block(Index: 0, Hash: b9f98eff07cc3a184133e353c4565bede4f65dcb994b88cdcd6fc8747905152c, Previous Hash: 0, Transactions: [], Entropy: 0, Timestamp: 1732894630.0)
2024-11-29 16:42:23 - node4 - INFO - Genesis Block Created: Block(Index: 0, Hash: b9f98eff07cc3a184133e353c4565bede4f65dcb994b88cdcd6fc8747905152c, Previous Hash: 0, Transactions: [], Entropy: 0, Timestamp: 1732894630.0)
2024-11-29 17:13:37 - node4 - INFO - Genesis Block Created: Block(Index: 0, Hash: b9f98eff07cc3a184133e353c4565bede4f65dcb994b88cdcd6fc8747905152c, Previous Hash: 0, Transactions: [], Entropy: 0, Timestamp: 1732894630.0)
2024-11-29 17:22:53 - node4 - INFO - Genesis Block Created: Block(Index: 0, Hash: b9f98eff07cc3a184133e353c4565bede4f65dcb994b88cdcd6fc8747905152c, Previous Hash: 0, Transactions: [], Entropy: 0, Timestamp: 1732894630.0)
2024-11-29 17:31:16 - node4 - INFO - Genesis Block Created: Block(Index: 0, Hash: b9f98eff07cc3a184133e353c4565bede4f65dcb994b88cdcd6fc8747905152c, Previous Hash: 0, Transactions: [], Entropy: 0, Timestamp: 1732894630.0)
2024-11-29 17:37:56 - node4 - INFO - Genesis Block Created: Block(Index: 0, Hash: b9f98eff07cc3a184133e353c4565bede4f65dcb994b88cdcd6fc8747905152c, Previous Hash: 0, Transactions: [], Entropy: 0, Timestamp: 1732894630.0)
2024-11-29 17:47:48 - node4 - INFO - Genesis Block Created: Block(Index: 0, Hash: b9f98eff07cc3a184133e353c4565bede4f65dcb994b88cdcd6fc8747905152c, Previous Hash: 0, Transactions: [], Entropy: 0, Timestamp: 1732894630.0)
2024-11-29 17:49:09 - node4 - INFO - Transaction added to pool: {'id': '1', 'data': 'Test Transaction from Node 1'}
2024-11-29 17:49:09 - node4 - INFO - Broadcasting transaction: {'id': '1', 'data': 'Test Transaction from Node 1'}
2024-11-29 17:52:30 - node4 - INFO - Genesis Block Created: Block(Index: 0, Hash: b9f98eff07cc3a184133e353c4565bede4f65dcb994b88cdcd6fc8747905152c, Previous Hash: 0, Transactions: [], Entropy: 0, Timestamp: 1732894630.0)
2024-11-29 17:52:33 - node4 - INFO - Transaction added to pool: {'id': '1', 'data': 'Test Transaction from Node 1'}
2024-11-29 17:52:33 - node4 - INFO - Broadcasting transaction: {'id': '1', 'data': 'Test Transaction from Node 1'}
2024-11-29 18:41:12 - node4 - INFO - Genesis Block Created: Block(Index: 0, Hash: b9f98eff07cc3a184133e353c4565bede4f65dcb994b88cdcd6fc8747905152c, Previous Hash: 0, Transactions: [], Entropy: 0, Timestamp: 1732894630.0)
2024-11-30 02:38:36 - node4 - INFO - P2P Network initialized for node node4
2024-11-30 02:38:36 - node4 - INFO - Genesis Block Created: Block(Index: 0, Hash: b9f98eff07cc3a184133e353c4565bede4f65dcb994b88cdcd6fc8747905152c, Previous Hash: 0, Transactions: [], Entropy: 0, Timestamp: 1732894630.0)
2024-11-30 02:38:36 - node4 - INFO - Node node4 initialized.
2024-11-30 02:44:40 - node4 - INFO - P2P Network initialized for node node4
2024-11-30 02:44:40 - node4 - INFO - Genesis Block Created: Block(Index: 0, Hash: b9f98eff07cc3a184133e353c4565bede4f65dcb994b88cdcd6fc8747905152c, Previous Hash: 0, Transactions: [], Entropy: 0, Timestamp: 1732894630.0)
2024-11-30 02:44:40 - node4 - INFO - Node node4 initialized.
2024-11-30 02:54:30 - node4 - INFO - P2P Network initialized for node node4
2024-11-30 02:54:30 - node4 - INFO - Genesis Block Created: Block(Index: 0, Hash: b9f98eff07cc3a184133e353c4565bede4f65dcb994b88cdcd6fc8747905152c, Previous Hash: 0, Transactions: [], Entropy: 0, Timestamp: 1732894630.0)
2024-11-30 02:54:30 - node4 - INFO - Node node4 initialized.
2024-11-30 02:59:41 - node4 - INFO - P2P Network initialized for node node4
2024-11-30 02:59:41 - node4 - INFO - Test log from P2P Network in node node4
2024-11-30 02:59:41 - node4 - INFO - Genesis Block Created: Block(Index: 0, Hash: b9f98eff07cc3a184133e353c4565bede4f65dcb994b88cdcd6fc8747905152c, Previous Hash: 0, Transactions: [], Entropy: 0, Timestamp: 1732894630.0)
2024-11-30 02:59:41 - node4 - INFO - Node node4 initialized.
2024-11-30 03:00:15 - node4 - INFO - Transaction added to pool: {'id': '1', 'data': 'Test Transaction from Node 1'}
2024-11-30 03:00:15 - node4 - INFO - Broadcasting transaction: {'id': '1', 'data': 'Test Transaction from Node 1'}
2024-11-30 03:00:15 - node4 - INFO - Broadcasting transaction--: {'id': '1', 'data': 'Test Transaction from Node 1'}
2024-11-30 03:00:15 - node4 - ERROR - Failed to broadcast to http://localhost:5001: name 'requests' is not defined
2024-11-30 03:00:15 - node4 - ERROR - Failed to broadcast to http://localhost:5002: name 'requests' is not defined
2024-11-30 03:00:15 - node4 - ERROR - Failed to broadcast to http://localhost:5003: name 'requests' is not defined
2024-11-30 03:01:34 - node4 - INFO - P2P Network initialized for node node4
2024-11-30 03:01:34 - node4 - INFO - Genesis Block Created: Block(Index: 0, Hash: b9f98eff07cc3a184133e353c4565bede4f65dcb994b88cdcd6fc8747905152c, Previous Hash: 0, Transactions: [], Entropy: 0, Timestamp: 1732894630.0)
2024-11-30 03:01:34 - node4 - INFO - Node node4 initialized.
2024-11-30 03:01:48 - node4 - INFO - Transaction added to pool: {'id': '1', 'data': 'Test Transaction from Node 1'}
2024-11-30 03:01:48 - node4 - INFO - Broadcasting transaction: {'id': '1', 'data': 'Test Transaction from Node 1'}
2024-11-30 03:01:48 - node4 - INFO - Broadcasting transaction--: {'id': '1', 'data': 'Test Transaction from Node 1'}
2024-11-30 03:01:48 - node4 - ERROR - Failed to broadcast to http://localhost:5001: HTTPConnectionPool(host='localhost', port=5001): Max retries exceeded with url: /add_transaction (Caused by NewConnectionError('<urllib3.connection.HTTPConnection object at 0xffff96eaadf0>: Failed to establish a new connection: [Errno 111] Connection refused'))
2024-11-30 03:01:48 - node4 - ERROR - Failed to broadcast to http://localhost:5002: HTTPConnectionPool(host='localhost', port=5002): Max retries exceeded with url: /add_transaction (Caused by NewConnectionError('<urllib3.connection.HTTPConnection object at 0xffff96ec1a60>: Failed to establish a new connection: [Errno 111] Connection refused'))
2024-11-30 03:01:48 - node4 - ERROR - Failed to broadcast to http://localhost:5003: HTTPConnectionPool(host='localhost', port=5003): Max retries exceeded with url: /add_transaction (Caused by NewConnectionError('<urllib3.connection.HTTPConnection object at 0xffff96e6a400>: Failed to establish a new connection: [Errno 111] Connection refused'))
2024-11-30 03:19:02 - node4 - INFO - P2P Network initialized for node node4
2024-11-30 03:19:02 - node4 - INFO - Genesis Block Created: Block(Index: 0, Hash: b9f98eff07cc3a184133e353c4565bede4f65dcb994b88cdcd6fc8747905152c, Previous Hash: 0, Transactions: [], Entropy: 0, Timestamp: 1732894630.0)
2024-11-30 03:19:02 - node4 - INFO - Node node4 initialized.
2024-11-30 03:31:42 - node4 - INFO - P2P Network initialized for node node4
2024-11-30 03:31:42 - node4 - INFO - Genesis Block Created: Block(Index: 0, Hash: b9f98eff07cc3a184133e353c4565bede4f65dcb994b88cdcd6fc8747905152c, Previous Hash: 0, Transactions: [], Entropy: 0, Timestamp: 1732894630.0)
2024-11-30 03:31:42 - node4 - INFO - Node node4 initialized.
2024-11-30 03:35:51 - node4 - INFO - P2P Network initialized for node node4
2024-11-30 03:35:51 - node4 - INFO - Genesis Block Created: Block(Index: 0, Hash: b9f98eff07cc3a184133e353c4565bede4f65dcb994b88cdcd6fc8747905152c, Previous Hash: 0, Transactions: [], Entropy: 0, Timestamp: 1732894630.0)
2024-11-30 03:35:51 - node4 - INFO - Node node4 initialized.
2024-11-30 03:42:59 - node4 - INFO - P2P Network initialized for node node4
2024-11-30 03:42:59 - node4 - INFO - Genesis Block Created: Block(Index: 0, Hash: b9f98eff07cc3a184133e353c4565bede4f65dcb994b88cdcd6fc8747905152c, Previous Hash: 0, Transactions: [], Entropy: 0, Timestamp: 1732894630.0)
2024-11-30 03:42:59 - node4 - INFO - Node node4 initialized.
2024-11-30 03:44:22 - node4 - INFO - P2P Network initialized for node node4
2024-11-30 03:44:22 - node4 - INFO - Genesis Block Created: Block(Index: 0, Hash: b9f98eff07cc3a184133e353c4565bede4f65dcb994b88cdcd6fc8747905152c, Previous Hash: 0, Transactions: [], Entropy: 0, Timestamp: 1732894630.0)
2024-11-30 03:44:22 - node4 - INFO - Node node4 initialized.
2024-11-30 03:46:26 - node4 - INFO - P2P Network initialized for node node4
2024-11-30 03:46:26 - node4 - INFO - Genesis Block Created: Block(Index: 0, Hash: b9f98eff07cc3a184133e353c4565bede4f65dcb994b88cdcd6fc8747905152c, Previous Hash: 0, Transactions: [], Entropy: 0, Timestamp: 1732894630.0)
2024-11-30 03:46:26 - node4 - INFO - Node node4 initialized.
2024-11-30 03:46:30 - node4 - INFO - Transaction added to pool: {'id': '1', 'data': 'Test Transaction for Node 1'}
2024-11-30 03:46:30 - node4 - INFO - Broadcasting transaction: {'id': '1', 'data': 'Test Transaction for Node 1'}
2024-11-30 03:46:30 - node4 - INFO - Broadcasting transaction--: {'id': '1', 'data': 'Test Transaction for Node 1'}
2024-11-30 03:46:30 - node4 - INFO - Transaction broadcasted to http://pocnew1-node1-1:5000, Response: 400
2024-11-30 03:46:30 - node4 - INFO - Transaction broadcasted to http://pocnew1-node2-1:5000, Response: 400
2024-11-30 03:46:30 - node4 - INFO - Transaction broadcasted to http://pocnew1-node3-1:5000, Response: 400
2024-11-30 03:46:30 - node4 - INFO - Transaction 1 already processed. Skipping.
2024-11-30 03:46:30 - node4 - INFO - Transaction 1 already processed. Skipping.
2024-11-30 04:42:39 - node4 - INFO - P2P Network initialized for node node4
2024-11-30 04:42:39 - node4 - INFO - Genesis Block Created: Block(Index: 0, Hash: b9f98eff07cc3a184133e353c4565bede4f65dcb994b88cdcd6fc8747905152c, Previous Hash: 0, Transactions: [], Entropy: 0, Timestamp: 1732894630.0)
2024-11-30 04:42:39 - node4 - INFO - Node node4 initialized.
2024-11-30 04:45:39 - node4 - INFO - P2P Network initialized for node node4
2024-11-30 04:45:39 - node4 - INFO - Genesis Block Created: Block(Index: 0, Hash: b9f98eff07cc3a184133e353c4565bede4f65dcb994b88cdcd6fc8747905152c, Previous Hash: 0, Transactions: [], Entropy: 0, Timestamp: 1732894630.0)
2024-11-30 04:45:39 - node4 - INFO - Node node4 initialized.
2024-11-30 05:00:54 - node4 - INFO - P2P Network initialized for node node4
2024-11-30 05:00:54 - node4 - INFO - Genesis Block Created: Block(Index: 0, Hash: b9f98eff07cc3a184133e353c4565bede4f65dcb994b88cdcd6fc8747905152c, Previous Hash: 0, Transactions: [], Entropy: 0, Timestamp: 1732894630.0)
2024-11-30 05:00:54 - node4 - INFO - Node node4 initialized.
2024-11-30 05:37:49 - node4 - INFO - P2P Network initialized for node node4
2024-11-30 05:37:49 - node4 - INFO - Genesis Block Created: Block(Index: 0, Hash: b9f98eff07cc3a184133e353c4565bede4f65dcb994b88cdcd6fc8747905152c, Previous Hash: 0, Transactions: [], Entropy: 0, Timestamp: 1732894630.0)
2024-11-30 05:37:49 - node4 - INFO - Node node4 initialized.
2024-11-30 05:40:39 - node4 - INFO - P2P Network initialized for node node4
2024-11-30 05:40:39 - node4 - INFO - Genesis Block Created: Block(Index: 0, Hash: b9f98eff07cc3a184133e353c4565bede4f65dcb994b88cdcd6fc8747905152c, Previous Hash: 0, Transactions: [], Entropy: 0, Timestamp: 1732894630.0)
2024-11-30 05:40:39 - node4 - INFO - Node node4 initialized.
2024-11-30 05:43:03 - node4 - INFO - P2P Network initialized for node node4
2024-11-30 05:43:03 - node4 - INFO - Genesis Block Created: Block(Index: 0, Hash: b9f98eff07cc3a184133e353c4565bede4f65dcb994b88cdcd6fc8747905152c, Previous Hash: 0, Transactions: [], Entropy: 0, Timestamp: 1732894630.0)
2024-11-30 05:43:03 - node4 - INFO - Node node4 initialized.
2024-11-30 05:47:43 - node4 - INFO - P2P Network initialized for node node4
2024-11-30 05:47:43 - node4 - INFO - Genesis Block Created: Block(Index: 0, Hash: b9f98eff07cc3a184133e353c4565bede4f65dcb994b88cdcd6fc8747905152c, Previous Hash: 0, Transactions: [], Entropy: 0, Timestamp: 1732894630.0)
2024-11-30 05:47:43 - node4 - INFO - Node node4 initialized.
2024-11-30 05:56:29 - node4 - INFO - Leader updated to node1
2024-11-30 06:03:56 - node4 - INFO - Leader updated to node2
2024-11-30 06:29:17 - node4 - INFO - P2P Network initialized for node node4
2024-11-30 06:29:17 - node4 - INFO - Genesis Block Created: Block(Index: 0, Hash: b9f98eff07cc3a184133e353c4565bede4f65dcb994b88cdcd6fc8747905152c, Previous Hash: 0, Transactions: [], Entropy: 0, Timestamp: 1732894630.0)
2024-11-30 06:29:17 - node4 - INFO - Node node4 initialized.
2024-11-30 06:29:17 - node4 - INFO - Leader updated to node1
2024-11-30 06:35:30 - node4 - INFO - P2P Network initialized for node node4
2024-11-30 06:35:30 - node4 - INFO - Genesis Block Created: Block(Index: 0, Hash: b9f98eff07cc3a184133e353c4565bede4f65dcb994b88cdcd6fc8747905152c, Previous Hash: 0, Transactions: [], Entropy: 0, Timestamp: 1732894630.0)
2024-11-30 06:35:30 - node4 - INFO - Node node4 initialized.
2024-11-30 06:36:14 - node4 - INFO - Leader updated to node1
2024-11-30 06:40:25 - node4 - INFO - P2P Network initialized for node node4
2024-11-30 06:40:25 - node4 - INFO - Genesis Block Created: Block(Index: 0, Hash: b9f98eff07cc3a184133e353c4565bede4f65dcb994b88cdcd6fc8747905152c, Previous Hash: 0, Transactions: [], Entropy: 0, Timestamp: 1732894630.0)
2024-11-30 06:40:25 - node4 - INFO - Node node4 initialized.
2024-11-30 06:40:25 - node4 - INFO - Leader updated to node1
2024-11-30 06:44:23 - node4 - INFO - P2P Network initialized for node node4
2024-11-30 06:44:23 - node4 - INFO - Genesis Block Created: Block(Index: 0, Hash: b9f98eff07cc3a184133e353c4565bede4f65dcb994b88cdcd6fc8747905152c, Previous Hash: 0, Transactions: [], Entropy: 0, Timestamp: 1732894630.0)
2024-11-30 06:44:23 - node4 - INFO - Node node4 initialized.
2024-11-30 06:45:05 - node4 - INFO - P2P Network initialized for node node4
2024-11-30 06:45:05 - node4 - INFO - Genesis Block Created: Block(Index: 0, Hash: b9f98eff07cc3a184133e353c4565bede4f65dcb994b88cdcd6fc8747905152c, Previous Hash: 0, Transactions: [], Entropy: 0, Timestamp: 1732894630.0)
2024-11-30 06:45:05 - node4 - INFO - Node node4 initialized.
2024-11-30 06:45:10 - node4 - INFO - Leader updated to node1
2024-11-30 06:51:48 - node4 - INFO - P2P Network initialized for node node4
2024-11-30 06:51:48 - node4 - INFO - Genesis Block Created: Block(Index: 0, Hash: b9f98eff07cc3a184133e353c4565bede4f65dcb994b88cdcd6fc8747905152c, Previous Hash: 0, Transactions: [], Entropy: 0, Timestamp: 1732894630.0)
2024-11-30 06:51:48 - node4 - INFO - Node node4 initialized.
2024-11-30 06:51:48 - node4 - INFO - Leader updated to node1
2024-11-30 06:53:57 - node4 - INFO - P2P Network initialized for node node4
2024-11-30 06:53:57 - node4 - INFO - Genesis Block Created: Block(Index: 0, Hash: b9f98eff07cc3a184133e353c4565bede4f65dcb994b88cdcd6fc8747905152c, Previous Hash: 0, Transactions: [], Entropy: 0, Timestamp: 1732894630.0)
2024-11-30 06:53:57 - node4 - INFO - Node node4 initialized.
2024-11-30 06:54:02 - node4 - INFO - Leader updated to node1
2024-11-30 06:56:39 - node4 - INFO - P2P Network initialized for node node4
2024-11-30 06:56:39 - node4 - INFO - Genesis Block Created: Block(Index: 0, Hash: b9f98eff07cc3a184133e353c4565bede4f65dcb994b88cdcd6fc8747905152c, Previous Hash: 0, Transactions: [], Entropy: 0, Timestamp: 1732894630.0)
2024-11-30 06:56:39 - node4 - INFO - Node node4 initialized.
2024-11-30 06:56:44 - node4 - INFO - Leader updated to node1
2024-11-30 07:02:54 - node4 - INFO - P2P Network initialized for node node4
2024-11-30 07:02:54 - node4 - INFO - Genesis Block Created: Block(Index: 0, Hash: b9f98eff07cc3a184133e353c4565bede4f65dcb994b88cdcd6fc8747905152c, Previous Hash: 0, Transactions: [], Entropy: 0, Timestamp: 1732894630.0)
2024-11-30 07:02:54 - node4 - INFO - Node node4 initialized.
2024-11-30 07:02:59 - node4 - INFO - Leader updated to node1
2024-11-30 07:05:35 - node4 - INFO - P2P Network initialized for node node4
2024-11-30 07:05:35 - node4 - INFO - Genesis Block Created: Block(Index: 0, Hash: b9f98eff07cc3a184133e353c4565bede4f65dcb994b88cdcd6fc8747905152c, Previous Hash: 0, Transactions: [], Entropy: 0, Timestamp: 1732894630.0)
2024-11-30 07:05:35 - node4 - INFO - Node node4 initialized.
2024-11-30 07:05:35 - node4 - INFO - Leader updated to node1
2024-11-30 07:06:31 - node4 - INFO - Successfully sent entropy to leader node1: -4117672127376636571871313677380875302704403147037236130527021713378657657949429691115792738183564061275984805629063551135740529347657728.000000_-16269833862175230589032124222604527709885248065300110863066210500608.000000
2024-11-30 07:12:24 - node4 - INFO - P2P Network initialized for node node4
2024-11-30 07:12:24 - node4 - INFO - Genesis Block Created: Block(Index: 0, Hash: b9f98eff07cc3a184133e353c4565bede4f65dcb994b88cdcd6fc8747905152c, Previous Hash: 0, Transactions: [], Entropy: 0, Timestamp: 1732894630.0)
2024-11-30 07:12:24 - node4 - INFO - Node node4 initialized.
2024-11-30 07:12:24 - node4 - INFO - Leader updated to node1
2024-11-30 07:12:46 - node4 - INFO - Successfully sent entropy to leader node1: -20051729683813887098816374781893257196204409770551305609705337659071569011341092159290257913580983442390998177860940529378375299157970811254484950005761439854873338619507454220821331371454812389376.000000_-35903199932429919712725009767894936509980969455719655890615131506496773641557277110266575875735552.000000
2024-11-30 07:17:53 - node4 - INFO - P2P Network initialized for node node4
2024-11-30 07:17:53 - node4 - INFO - Genesis Block Created: Block(Index: 0, Hash: b9f98eff07cc3a184133e353c4565bede4f65dcb994b88cdcd6fc8747905152c, Previous Hash: 0, Transactions: [], Entropy: 0, Timestamp: 1732894630.0)
2024-11-30 07:17:53 - node4 - INFO - Node node4 initialized.
2024-11-30 07:17:58 - node4 - INFO - Leader updated to node1
2024-11-30 07:18:06 - node4 - INFO - Successfully sent entropy to leader node1: -129994020606118972919642208986343534760850546544173781377382773464799074062904802381040747065249096860774137905721453392709379153770333862241501184.000000_-2890805850889371132838105720263499476263464468816323908224824010543726592.000000
2024-11-30 07:23:42 - node4 - INFO - P2P Network initialized for node node4
2024-11-30 07:23:42 - node4 - INFO - Genesis Block Created: Block(Index: 0, Hash: b9f98eff07cc3a184133e353c4565bede4f65dcb994b88cdcd6fc8747905152c, Previous Hash: 0, Transactions: [], Entropy: 0, Timestamp: 1732894630.0)
2024-11-30 07:23:42 - node4 - INFO - Node node4 initialized.
2024-11-30 07:23:47 - node4 - INFO - Leader updated to node1
2024-11-30 07:24:22 - node4 - INFO - Successfully sent entropy to leader node1: -30733403209075186606054598734955575396522659908244849488957000122464448886462691851918281727259152039087462418092983252964873058297839616.000000_-44449058232163500226680018723691296529312397210274012455656593817600.000000
2024-11-30 07:25:36 - node4 - INFO - P2P Network initialized for node node4
2024-11-30 07:25:36 - node4 - INFO - Genesis Block Created: Block(Index: 0, Hash: b9f98eff07cc3a184133e353c4565bede4f65dcb994b88cdcd6fc8747905152c, Previous Hash: 0, Transactions: [], Entropy: 0, Timestamp: 1732894630.0)
2024-11-30 07:25:36 - node4 - INFO - Node node4 initialized.
2024-11-30 07:25:36 - node4 - INFO - Leader updated to node1
2024-11-30 07:25:58 - node4 - INFO - Successfully sent entropy to leader node1: 0.860517_0.134585
2024-11-30 07:28:38 - node4 - INFO - P2P Network initialized for node node4
2024-11-30 07:28:38 - node4 - INFO - Genesis Block Created: Block(Index: 0, Hash: b9f98eff07cc3a184133e353c4565bede4f65dcb994b88cdcd6fc8747905152c, Previous Hash: 0, Transactions: [], Entropy: 0, Timestamp: 1732894630.0)
2024-11-30 07:28:38 - node4 - INFO - Node node4 initialized.
2024-11-30 07:28:43 - node4 - INFO - Leader updated to node1
2024-11-30 07:31:22 - node4 - INFO - Leader updated to node2
2024-11-30 07:41:19 - node4 - INFO - P2P Network initialized for node node4
2024-11-30 07:41:19 - node4 - INFO - Genesis Block Created: Block(Index: 0, Hash: b9f98eff07cc3a184133e353c4565bede4f65dcb994b88cdcd6fc8747905152c, Previous Hash: 0, Transactions: [], Entropy: 0, Timestamp: 1732894630.0)
2024-11-30 07:41:19 - node4 - INFO - Node node4 initialized.
2024-11-30 07:41:24 - node4 - INFO - Leader updated to node1
2024-11-30 07:41:47 - node4 - INFO - Successfully sent entropy to leader node1: 1.248785_-0.049996
2024-11-30 08:03:06 - node4 - INFO - P2P Network initialized for node node4
2024-11-30 08:03:06 - node4 - INFO - Genesis Block Created: Block(Index: 0, Hash: b9f98eff07cc3a184133e353c4565bede4f65dcb994b88cdcd6fc8747905152c, Previous Hash: 0, Transactions: [], Entropy: 0, Timestamp: 1732894630.0)
2024-11-30 08:03:06 - node4 - INFO - Node node4 initialized.
2024-11-30 08:03:11 - node4 - INFO - Leader updated to node1
2024-11-30 08:03:53 - node4 - INFO - Successfully sent entropy to leader node1: -7009798588765171703299672007246530062922779107300896087734380101706031917936346682750265177966647242129408.000000_-21228045347552869239323370172314848026126931254575104.000000
2024-11-30 08:04:07 - node4 - INFO - Received aggregate_entropy: 1669147945.000000, Next leader: node3
